ARM GAS  C:\Users\AHMED~1.ELE\AppData\Local\Temp\ccFXJVXg.s 			page 1


   1              		.syntax unified
   2              		.cpu cortex-a5
   3              		.fpu softvfp
   4              		.eabi_attribute 20, 1
   5              		.eabi_attribute 21, 1
   6              		.eabi_attribute 23, 3
   7              		.eabi_attribute 24, 1
   8              		.eabi_attribute 25, 1
   9              		.eabi_attribute 26, 1
  10              		.eabi_attribute 30, 4
  11              		.eabi_attribute 34, 0
  12              		.eabi_attribute 18, 4
  13              		.thumb
  14              		.file	"auxcom.c"
  15              		.text
  16              	.Ltext0:
  17              		.cfi_sections	.debug_frame
  18              	.Letext0:
  19              		.section	.debug_info,"",%progbits
  20              	.Ldebug_info0:
  21 0000 6E000000 		.4byte	0x6e
  22 0004 0400     		.2byte	0x4
  23 0006 00000000 		.4byte	.Ldebug_abbrev0
  24 000a 04       		.byte	0x4
  25 000b 01       		.uleb128 0x1
  26 000c 00000000 		.4byte	.LASF11
  27 0010 01       		.byte	0x1
  28 0011 26010000 		.4byte	.LASF12
  29 0015 EE000000 		.4byte	.LASF13
  30 0019 00000000 		.4byte	.Ldebug_line0
  31 001d 02       		.uleb128 0x2
  32 001e 04       		.byte	0x4
  33 001f 05       		.byte	0x5
  34 0020 696E7400 		.ascii	"int\000"
  35 0024 03       		.uleb128 0x3
  36 0025 04       		.byte	0x4
  37 0026 07       		.byte	0x7
  38 0027 CF000000 		.4byte	.LASF0
  39 002b 03       		.uleb128 0x3
  40 002c 01       		.byte	0x1
  41 002d 06       		.byte	0x6
  42 002e 3D010000 		.4byte	.LASF1
  43 0032 03       		.uleb128 0x3
  44 0033 01       		.byte	0x1
  45 0034 08       		.byte	0x8
  46 0035 52010000 		.4byte	.LASF2
  47 0039 03       		.uleb128 0x3
  48 003a 02       		.byte	0x2
  49 003b 05       		.byte	0x5
  50 003c 33010000 		.4byte	.LASF3
  51 0040 03       		.uleb128 0x3
  52 0041 02       		.byte	0x2
  53 0042 07       		.byte	0x7
  54 0043 13010000 		.4byte	.LASF4
  55 0047 03       		.uleb128 0x3
  56 0048 04       		.byte	0x4
  57 0049 05       		.byte	0x5
ARM GAS  C:\Users\AHMED~1.ELE\AppData\Local\Temp\ccFXJVXg.s 			page 2


  58 004a 60010000 		.4byte	.LASF5
  59 004e 03       		.uleb128 0x3
  60 004f 04       		.byte	0x4
  61 0050 07       		.byte	0x7
  62 0051 DC000000 		.4byte	.LASF6
  63 0055 03       		.uleb128 0x3
  64 0056 08       		.byte	0x8
  65 0057 05       		.byte	0x5
  66 0058 85010000 		.4byte	.LASF7
  67 005c 03       		.uleb128 0x3
  68 005d 08       		.byte	0x8
  69 005e 07       		.byte	0x7
  70 005f 69010000 		.4byte	.LASF8
  71 0063 03       		.uleb128 0x3
  72 0064 04       		.byte	0x4
  73 0065 07       		.byte	0x7
  74 0066 49010000 		.4byte	.LASF9
  75 006a 03       		.uleb128 0x3
  76 006b 01       		.byte	0x1
  77 006c 06       		.byte	0x6
  78 006d 80010000 		.4byte	.LASF10
  79 0071 00       		.byte	0
  80              		.section	.debug_abbrev,"",%progbits
  81              	.Ldebug_abbrev0:
  82 0000 01       		.uleb128 0x1
  83 0001 11       		.uleb128 0x11
  84 0002 01       		.byte	0x1
  85 0003 25       		.uleb128 0x25
  86 0004 0E       		.uleb128 0xe
  87 0005 13       		.uleb128 0x13
  88 0006 0B       		.uleb128 0xb
  89 0007 03       		.uleb128 0x3
  90 0008 0E       		.uleb128 0xe
  91 0009 1B       		.uleb128 0x1b
  92 000a 0E       		.uleb128 0xe
  93 000b 10       		.uleb128 0x10
  94 000c 17       		.uleb128 0x17
  95 000d 00       		.byte	0
  96 000e 00       		.byte	0
  97 000f 02       		.uleb128 0x2
  98 0010 24       		.uleb128 0x24
  99 0011 00       		.byte	0
 100 0012 0B       		.uleb128 0xb
 101 0013 0B       		.uleb128 0xb
 102 0014 3E       		.uleb128 0x3e
 103 0015 0B       		.uleb128 0xb
 104 0016 03       		.uleb128 0x3
 105 0017 08       		.uleb128 0x8
 106 0018 00       		.byte	0
 107 0019 00       		.byte	0
 108 001a 03       		.uleb128 0x3
 109 001b 24       		.uleb128 0x24
 110 001c 00       		.byte	0
 111 001d 0B       		.uleb128 0xb
 112 001e 0B       		.uleb128 0xb
 113 001f 3E       		.uleb128 0x3e
 114 0020 0B       		.uleb128 0xb
ARM GAS  C:\Users\AHMED~1.ELE\AppData\Local\Temp\ccFXJVXg.s 			page 3


 115 0021 03       		.uleb128 0x3
 116 0022 0E       		.uleb128 0xe
 117 0023 00       		.byte	0
 118 0024 00       		.byte	0
 119 0025 00       		.byte	0
 120              		.section	.debug_aranges,"",%progbits
 121 0000 14000000 		.4byte	0x14
 122 0004 0200     		.2byte	0x2
 123 0006 00000000 		.4byte	.Ldebug_info0
 124 000a 04       		.byte	0x4
 125 000b 00       		.byte	0
 126 000c 0000     		.2byte	0
 127 000e 0000     		.2byte	0
 128 0010 00000000 		.4byte	0
 129 0014 00000000 		.4byte	0
 130              		.section	.debug_line,"",%progbits
 131              	.Ldebug_line0:
 132 0000 19000000 		.section	.debug_str,"MS",%progbits,1
 132      02001300 
 132      00000201 
 132      FB0E0D00 
 132      01010101 
 133              	.LASF11:
 134 0000 474E5520 		.ascii	"GNU C 4.9.3 20141119 (release) [ARM/embedded-4_9-br"
 134      4320342E 
 134      392E3320 
 134      32303134 
 134      31313139 
 135 0033 616E6368 		.ascii	"anch revision 218278] -mthumb -mcpu=cortex-a5 -mthu"
 135      20726576 
 135      6973696F 
 135      6E203231 
 135      38323738 
 136 0066 6D622D69 		.ascii	"mb-interwork -mstructure-size-boundary=32 -mno-unal"
 136      6E746572 
 136      776F726B 
 136      202D6D73 
 136      74727563 
 137 0099 69676E65 		.ascii	"igned-access -g -Os -ffunction-sections -fsigned-ch"
 137      642D6163 
 137      63657373 
 137      202D6720 
 137      2D4F7320 
 138 00cc 617200   		.ascii	"ar\000"
 139              	.LASF0:
 140 00cf 756E7369 		.ascii	"unsigned int\000"
 140      676E6564 
 140      20696E74 
 140      00
 141              	.LASF6:
 142 00dc 6C6F6E67 		.ascii	"long unsigned int\000"
 142      20756E73 
 142      69676E65 
 142      6420696E 
 142      7400
 143              	.LASF13:
 144 00ee 433A5C54 		.ascii	"C:\\T1000-A5\\Projects\\APM\\apm_v3.0s03\000"
ARM GAS  C:\Users\AHMED~1.ELE\AppData\Local\Temp\ccFXJVXg.s 			page 4


 144      31303030 
 144      2D41355C 
 144      50726F6A 
 144      65637473 
 145              	.LASF4:
 146 0113 73686F72 		.ascii	"short unsigned int\000"
 146      7420756E 
 146      7369676E 
 146      65642069 
 146      6E7400
 147              	.LASF12:
 148 0126 7372632F 		.ascii	"src/auxcom.c\000"
 148      61757863 
 148      6F6D2E63 
 148      00
 149              	.LASF3:
 150 0133 73686F72 		.ascii	"short int\000"
 150      7420696E 
 150      7400
 151              	.LASF1:
 152 013d 7369676E 		.ascii	"signed char\000"
 152      65642063 
 152      68617200 
 153              	.LASF9:
 154 0149 73697A65 		.ascii	"sizetype\000"
 154      74797065 
 154      00
 155              	.LASF2:
 156 0152 756E7369 		.ascii	"unsigned char\000"
 156      676E6564 
 156      20636861 
 156      7200
 157              	.LASF5:
 158 0160 6C6F6E67 		.ascii	"long int\000"
 158      20696E74 
 158      00
 159              	.LASF8:
 160 0169 6C6F6E67 		.ascii	"long long unsigned int\000"
 160      206C6F6E 
 160      6720756E 
 160      7369676E 
 160      65642069 
 161              	.LASF10:
 162 0180 63686172 		.ascii	"char\000"
 162      00
 163              	.LASF7:
 164 0185 6C6F6E67 		.ascii	"long long int\000"
 164      206C6F6E 
 164      6720696E 
 164      7400
 165              		.ident	"GCC: (GNU Tools for ARM Embedded Processors) 4.9.3 20141119 (release) [ARM/embedded-4_9-br
ARM GAS  C:\Users\AHMED~1.ELE\AppData\Local\Temp\ccFXJVXg.s 			page 5


DEFINED SYMBOLS
                            *ABS*:00000000 auxcom.c

NO UNDEFINED SYMBOLS
