ARM GAS  C:\Users\AHMEDH~1\AppData\Local\Temp\ccM1MI5H.s 			page 1


   1              		.syntax unified
   2              		.cpu cortex-a5
   3              		.fpu softvfp
   4              		.eabi_attribute 20, 1
   5              		.eabi_attribute 21, 1
   6              		.eabi_attribute 23, 3
   7              		.eabi_attribute 24, 1
   8              		.eabi_attribute 25, 1
   9              		.eabi_attribute 26, 1
  10              		.eabi_attribute 30, 4
  11              		.eabi_attribute 34, 0
  12              		.eabi_attribute 18, 4
  13              		.thumb
  14              		.file	"Constant.c"
  15              		.text
  16              	.Ltext0:
  17              		.cfi_sections	.debug_frame
  18              		.section	.text.SaleType,"ax",%progbits
  19              		.align	1
  20              		.global	SaleType
  21              		.thumb
  22              		.thumb_func
  23              		.type	SaleType, %function
  24              	SaleType:
  25              	.LFB0:
  26              		.file 1 "src/Constant.c"
   1:src/Constant.c **** //-----------------------------------------------------------------------------
   2:src/Constant.c **** //  File          : constant.c
   3:src/Constant.c **** //  Module        :
   4:src/Constant.c **** //  Description   : Include Global constants & related routines.
   5:src/Constant.c **** //  Author        : Lewis
   6:src/Constant.c **** //  Notes         :
   7:src/Constant.c **** //
   8:src/Constant.c **** // ============================================================================
   9:src/Constant.c **** // | Naming conventions                                                       |
  10:src/Constant.c **** // | ~~~~~~~~~~~~~~~~~~                                                       |
  11:src/Constant.c **** // |        Struct define : Leading T                                         |
  12:src/Constant.c **** // |         Struct/Array : Leading s                                         |
  13:src/Constant.c **** // |             Constant : Leading K                                         |
  14:src/Constant.c **** // |      Global Variable : Leading g  (variable use outside one C file)      |
  15:src/Constant.c **** // |                                                                          |
  16:src/Constant.c **** // |   BYTE( 8 Bits) size : Leading b                                         |
  17:src/Constant.c **** // |   CHAR( 8 Bits) size : Leading c                                         |
  18:src/Constant.c **** // |   WORD(16 Bits) size : Leading w                                         |
  19:src/Constant.c **** // |  DWORD(32 Bits) size : Leading d                                         |
  20:src/Constant.c **** // |    int(32 Bits) size : Leading i                                         |
  21:src/Constant.c **** // | DDWORD(64 Bits) size : Leading dd                                        |
  22:src/Constant.c **** // |              Pointer : Leading p                                         |
  23:src/Constant.c **** // |                                                                          |
  24:src/Constant.c **** // |    Function argument : Leading a                                         |
  25:src/Constant.c **** // |       Local Variable : All lower case                                    |
  26:src/Constant.c **** // |                                                                          |
  27:src/Constant.c **** // | Examples:                                                                |
  28:src/Constant.c **** // |                Array : Leading s, (sb = arrary of byte, etc)             |
  29:src/Constant.c **** // |              Pointer : Leading p, (pb = pointer of byte, etc)            |
  30:src/Constant.c **** // ============================================================================
  31:src/Constant.c **** //
ARM GAS  C:\Users\AHMEDH~1\AppData\Local\Temp\ccM1MI5H.s 			page 2


  32:src/Constant.c **** //  Date          Who         Action
  33:src/Constant.c **** //  ------------  ----------- -------------------------------------------------
  34:src/Constant.c **** //  29 Sept 2008  Lewis       Initial Version.
  35:src/Constant.c **** //-----------------------------------------------------------------------------
  36:src/Constant.c **** #include "message.h"
  37:src/Constant.c **** #include "constant.h"
  38:src/Constant.c **** 
  39:src/Constant.c **** //-----------------------------------------------------------------------------
  40:src/Constant.c **** //    Constants
  41:src/Constant.c **** //-----------------------------------------------------------------------------
  42:src/Constant.c ****   const struct TRANS_BITMAP KTransBitmap[MAX_TXN_TYPE] = {
  43:src/Constant.c ****   {0x1100, {0xF2, 0x34, 0x85, 0x41, 0x68, 0xE0, 0x88, 0x03, 0x01, 0x00, 0x00, 0x00, 0x00, 0x00, 0x0
  44:src/Constant.c ****     0x00, 0x00, AUTH_SWIPE, 0x1, 0x00
  45:src/Constant.c ****   },
  46:src/Constant.c **** 
  47:src/Constant.c ****   {0x1100, {0xF2, 0x34, 0x85, 0x41, 0x48, 0xE0, 0x88, 0x03, 0x01, 0x00, 0x00, 0x00, 0x00, 0x00, 0x0
  48:src/Constant.c ****    0x00, 0x00,  AUTH_MANUAL, 0x1, 0x00
  49:src/Constant.c ****   },
  50:src/Constant.c **** 
  51:src/Constant.c ****   {0x1200, {0x72, 0x34, 0x85, 0x41, 0x68, 0xE0, 0x88, 0x03, 0x00, 0x00, 0x00, 0x00, 0x00, 0x00, 0x0
  52:src/Constant.c ****    0x00, 0x00,  SALE_SWIPE, 0x1, 0x00
  53:src/Constant.c ****   },
  54:src/Constant.c **** 
  55:src/Constant.c ****   {0x1200, {0x72, 0x34, 0x85, 0x41, 0x48, 0xE0, 0x88, 0x03, 0x00, 0x00, 0x00, 0x00, 0x00, 0x00, 0x0
  56:src/Constant.c ****    0x00, 0x00,  SALE_MANUAL, 0x1, 0x00
  57:src/Constant.c ****   },
  58:src/Constant.c **** //online refund  F2 34 87 41 68 E1 9A 03 01
  59:src/Constant.c ****   {0x1200, {0xF2, 0x34, 0x87, 0x41, 0x68, 0xE1, 0x9A, 0x03, 0x01, 0x00, 0x00, 0x00, 0x00, 0x00, 0x0
  60:src/Constant.c ****    0x20, 0x00, ONL_REFUND_SW, 0x0, 0x00
  61:src/Constant.c ****   },
  62:src/Constant.c **** 
  63:src/Constant.c ****   {0x1200, {0xF2, 0x34, 0x87, 0x41, 0x68, 0xE1, 0x9A, 0x03, 0x01, 0x00, 0x00, 0x00, 0x00, 0x00, 0x0
  64:src/Constant.c ****    0x20, 0x00, ONL_REFUND_MNL, 0x0, 0x00
  65:src/Constant.c ****   },
  66:src/Constant.c **** 
  67:src/Constant.c ****   {0x1220, {0xF2, 0x34, 0x87, 0x41, 0x68, 0xE1, 0x9A, 0x03, 0x01, 0x00, 0x00, 0x00, 0x00, 0x00, 0x0
  68:src/Constant.c ****    0x20, 0x00, REFUND, 0x0, 0x80
  69:src/Constant.c ****   },
  70:src/Constant.c **** 
  71:src/Constant.c ****   {0x1220, {0xF2, 0x34, 0x87, 0x41, 0x68, 0xE1, 0x9A, 0x03, 0x00, 0x00, 0x00, 0x00, 0x00, 0x00, 0x0
  72:src/Constant.c ****    0x00, 0x00, SALE_OFFLINE, 0x1, 0x80
  73:src/Constant.c ****   },
  74:src/Constant.c **** 
  75:src/Constant.c ****   {0x1220, {0xF2, 0x34, 0x87, 0x41, 0x68, 0xE1, 0x9A, 0x03, 0x00, 0x00, 0x00, 0x00, 0x00, 0x00, 0x0
  76:src/Constant.c ****    0x00, 0x06, SALE_COMPLETE, 0x1, 0x80
  77:src/Constant.c ****   },
  78:src/Constant.c **** 
  79:src/Constant.c ****   {0x1220, {0xF2, 0x34, 0x87, 0x41, 0x68, 0xE1, 0x9A, 0x03, 0x00, 0x00, 0x00, 0x00, 0x00, 0x00, 0x0
  80:src/Constant.c ****    0x00, 0x00, SALE_UNDER_LMT, 0x1, 0x80
  81:src/Constant.c ****   },
  82:src/Constant.c **** 
  83:src/Constant.c ****   //FE 36 81 81 0E C1 EB 02
  84:src/Constant.c **** 
  85:src/Constant.c ****   {0x1420, {0xFE, 0x36, 0x81, 0x0E, 0xC1, 0xEB, 0x02, 0x00, 0x00, 0x00, 0x00, 0x00, 0x00, 0x00, 0x0
  86:src/Constant.c ****    0x02, 0x00, VOID, 0x0, 0x00
  87:src/Constant.c ****   },
  88:src/Constant.c **** 
ARM GAS  C:\Users\AHMEDH~1\AppData\Local\Temp\ccM1MI5H.s 			page 3


  89:src/Constant.c ****   {0x1220, {0x70, 0x3C, 0x05, 0x80, 0x0C, 0xC0, 0x04, 0x0C, 0x00, 0x00, 0x00, 0x00, 0x00, 0x00, 0x0
  90:src/Constant.c ****    0x02, 0x00, ADJUST, 0x0, 0x00
  91:src/Constant.c ****   },
  92:src/Constant.c **** 
  93:src/Constant.c ****   {0x1304, {0x70, 0x3C, 0x05, 0x80, 0x0C, 0xC0, 0x04, 0x1C, 0x00, 0x00, 0x00, 0x00, 0x00, 0x00, 0x0
  94:src/Constant.c ****    0x00, 0x00, TRANS_UPLOAD, 0x0,  0x00
  95:src/Constant.c ****   },
  96:src/Constant.c **** //settlement 02 30 81 00 08 C0 08 03
  97:src/Constant.c ****   {0x1804, {0x02, 0x30, 0x81, 0x00, 0x08, 0xC0, 0x08, 0x03, 0x00, 0x00, 0x00, 0x00, 0x00, 0x00, 0x0
  98:src/Constant.c ****    0x92, 0x00, SETTLEMENT, 0x0, 0x00
  99:src/Constant.c ****   },
 100:src/Constant.c **** 
 101:src/Constant.c **** 
 102:src/Constant.c ****   {0x1420, {0x72, 0x34, 0x85, 0x41, 0x6C, 0xE1, 0x9E, 0x03, 0x00, 0x00, 0x00, 0x00, 0x00, 0x00, 0x0
 103:src/Constant.c ****    0x00, 0x00, EDC_REV, 0x0, 0x00
 104:src/Constant.c ****   },
 105:src/Constant.c **** 
 106:src/Constant.c ****   {0x1200, {0xF2, 0x34, 0x87, 0x41, 0x68, 0xE1, 0x9A, 0x03, 0x00, 0x00, 0x00, 0x00, 0x00, 0x00, 0x0
 107:src/Constant.c ****    0x00, 0x00, SALE_ICC, 0x1, 0x00
 108:src/Constant.c ****   },
 109:src/Constant.c **** 
 110:src/Constant.c ****   {0x1100, {0x72, 0x34, 0x87, 0x41, 0x68, 0xE1, 0x9A, 0x03, 0x01, 0x00, 0x00, 0x00, 0x00, 0x00, 0x0
 111:src/Constant.c ****    0x00, 0x00, AUTH_ICC, 0x1, 0x00
 112:src/Constant.c ****   },
 113:src/Constant.c **** 
 114:src/Constant.c ****   {0x1200, {0xF2, 0x34, 0x87, 0x41, 0x68, 0xE1, 0x9A, 0x03, 0x00, 0x00, 0x00, 0x00, 0x00, 0x00, 0x0
 115:src/Constant.c ****    0x00, 0x00, REFUND_ICC, 0x1, 0x00
 116:src/Constant.c ****   },
 117:src/Constant.c **** 
 118:src/Constant.c ****   {0x1220, {0xF2, 0x34, 0x87, 0x41, 0x68, 0xE1, 0x9A, 0x03, 0x00, 0x00, 0x00, 0x00, 0x00, 0x00, 0x0
 119:src/Constant.c ****    0x00, 0x00, ESALE_UNDER_LMT, 0x1, 0x80
 120:src/Constant.c ****   },
 121:src/Constant.c **** 
 122:src/Constant.c ****   {0x1220, {0x72, 0x34, 0x85, 0x41, 0x6C, 0xE0, 0x8E, 0x03, 0x00, 0x00, 0x00, 0x00, 0x00, 0x00, 0x0
 123:src/Constant.c ****    0x00, 0x06, ESALE_COMPLETE, 0x1, 0x80
 124:src/Constant.c ****   },
 125:src/Constant.c **** 
 126:src/Constant.c ****   {0x1200, {0x72, 0x34, 0x87, 0x41, 0x68, 0xE1, 0x9A, 0x03, 0x00, 0x00, 0x00, 0x00, 0x00, 0x00, 0x0
 127:src/Constant.c ****    0x00, 0x00, SALE_CTL, 0x1, 0x00
 128:src/Constant.c ****   },
 129:src/Constant.c **** 
 130:src/Constant.c ****   {0x1100, {0x72, 0x34, 0x87, 0x41, 0x68, 0xE1, 0x9A, 0x03, 0x00, 0x00, 0x00, 0x00, 0x00, 0x00, 0x0
 131:src/Constant.c ****    0x00, 0x00, AUTH_CTL, 0x1, 0x00
 132:src/Constant.c ****   },
 133:src/Constant.c **** 
 134:src/Constant.c ****   {0x1200, {0x72, 0x34, 0x87, 0x41, 0x68, 0xE1, 0x9A, 0x03, 0x00, 0x00, 0x00, 0x00, 0x00, 0x00, 0x0
 135:src/Constant.c ****    0x00, 0x00, REFUND_CTL, 0x1, 0x00
 136:src/Constant.c ****   },
 137:src/Constant.c **** 
 138:src/Constant.c ****   {0x0800, {0x20, 0x20, 0x01, 0x00, 0x00, 0x80, 0x00, 0x00, 0x00, 0x00, 0x00, 0x00, 0x00, 0x00, 0x0
 139:src/Constant.c ****    0x99, 0x00, TEST_MSG, 0x00, 0x00
 140:src/Constant.c ****   },
 141:src/Constant.c **** 
 142:src/Constant.c ****   {0x1520, {0x02, 0x30, 0x81, 0x01, 0x08, 0xC0, 0x0C, 0x04, 0x00, 0x78, 0x37, 0x80, 0x40, 0x00, 0x0
 143:src/Constant.c ****    0x00, 0x00, SETT_ADV, 0x00, 0x00
 144:src/Constant.c ****   },
 145:src/Constant.c **** };
ARM GAS  C:\Users\AHMEDH~1\AppData\Local\Temp\ccM1MI5H.s 			page 4


 146:src/Constant.c **** 
 147:src/Constant.c **** const BYTE KSetlPCode2[3] = {0x96,0,0};
 148:src/Constant.c **** 
 149:src/Constant.c **** const BYTE KTransHeader[] = {
 150:src/Constant.c ****   EDC_CN_AUTH              ,   //0
 151:src/Constant.c ****   EDC_CN_AUTH              ,   //1
 152:src/Constant.c ****   EDC_CN_SALE              ,   //2
 153:src/Constant.c ****   EDC_CN_SALE              ,   //3
 154:src/Constant.c ****   EDC_CN_REFUND            ,   //4
 155:src/Constant.c ****   EDC_CN_REFUND            ,   //5
 156:src/Constant.c ****   EDC_CN_REFUND            ,   //6
 157:src/Constant.c ****   EDC_CN_OFFLINE           ,   //7
 158:src/Constant.c ****   EDC_CN_SALE_COMP         ,   //8
 159:src/Constant.c ****   EDC_CN_SALE              ,   //9
 160:src/Constant.c ****   EDC_CN_VOID              ,   //10
 161:src/Constant.c ****   EDC_CN_ADJUST            ,   //11
 162:src/Constant.c ****   EDC_CN_UPLOAD            ,   //12
 163:src/Constant.c ****   EDC_CN_SETTLE            ,   //13
 164:src/Constant.c ****   EDC_CN_REVERSAL          ,   //14
 165:src/Constant.c ****   EDC_CN_SALE              ,   //15
 166:src/Constant.c ****   EDC_CN_AUTH              ,   //16
 167:src/Constant.c ****   EDC_CN_REFUND            ,   //17
 168:src/Constant.c ****   EDC_CN_SALE              ,   //18
 169:src/Constant.c ****   EDC_CN_SALE_COMP         ,   //19
 170:src/Constant.c ****   EDC_CN_SALE              ,   //20
 171:src/Constant.c ****   EDC_CN_AUTH              ,   //21
 172:src/Constant.c ****   EDC_CN_REFUND            ,   //22
 173:src/Constant.c ****   EDC_CN_TEST_MSG          ,   //23
 174:src/Constant.c ****   EDC_CN_SETT_ADV          ,   //24
 175:src/Constant.c **** };
 176:src/Constant.c **** 
 177:src/Constant.c **** //*****************************************************************************
 178:src/Constant.c **** //  Function        : SaleType
 179:src/Constant.c **** //  Description     : Return TRUE is transaction is define as sale type.
 180:src/Constant.c **** //  Input           : trans;  // transaction id.
 181:src/Constant.c **** //  Return          : TRUE/FALSE;
 182:src/Constant.c **** //  Note            : N/A
 183:src/Constant.c **** //  Globals Changed : N/A
 184:src/Constant.c **** //*****************************************************************************
 185:src/Constant.c **** BOOLEAN SaleType(BYTE aTrans)
 186:src/Constant.c **** {
  27              		.loc 1 186 0
  28              		.cfi_startproc
  29              		@ args = 0, pretend = 0, frame = 0
  30              		@ frame_needed = 0, uses_anonymous_args = 0
  31              		@ link register save eliminated.
  32              	.LVL0:
 187:src/Constant.c ****   return (KTransBitmap[aTrans].b_sale_flag != 0);
  33              		.loc 1 187 0
  34 0000 1823     		movs	r3, #24
  35 0002 044A     		ldr	r2, .L2
  36 0004 03FB0020 		mla	r0, r3, r0, r2
  37              	.LVL1:
  38 0008 407D     		ldrb	r0, [r0, #21]	@ zero_extendqisi2
 188:src/Constant.c **** }...
  39              		.loc 1 188 0
  40 000a 0030     		adds	r0, r0, #0
ARM GAS  C:\Users\AHMEDH~1\AppData\Local\Temp\ccM1MI5H.s 			page 5


  41 000c 18BF     		it	ne
  42 000e 0120     		movne	r0, #1
  43 0010 7047     		bx	lr
  44              	.L3:
  45 0012 00BF     		.align	2
  46              	.L2:
  47 0014 00000000 		.word	.LANCHOR0
  48              		.cfi_endproc
  49              	.LFE0:
  50              		.size	SaleType, .-SaleType
  51              		.global	KTransHeader
  52              		.global	KSetlPCode2
  53              		.global	KTransBitmap
  54              		.section	.rodata
  55              		.align	2
  56              		.set	.LANCHOR0,. + 0
  57              		.type	KTransBitmap, %object
  58              		.size	KTransBitmap, 600
  59              	KTransBitmap:
  60 0000 0011     		.short	4352
  61 0002 F2       		.byte	-14
  62 0003 34       		.byte	52
  63 0004 85       		.byte	-123
  64 0005 41       		.byte	65
  65 0006 68       		.byte	104
  66 0007 E0       		.byte	-32
  67 0008 88       		.byte	-120
  68 0009 03       		.byte	3
  69 000a 01       		.byte	1
  70 000b 00       		.byte	0
  71 000c 00       		.byte	0
  72 000d 00       		.byte	0
  73 000e 00       		.byte	0
  74 000f 00       		.byte	0
  75 0010 00       		.byte	0
  76 0011 00       		.byte	0
  77 0012 00       		.byte	0
  78 0013 00       		.byte	0
  79 0014 00       		.byte	0
  80 0015 01       		.byte	1
  81 0016 00       		.byte	0
  82 0017 00       		.space	1
  83 0018 0011     		.short	4352
  84 001a F2       		.byte	-14
  85 001b 34       		.byte	52
  86 001c 85       		.byte	-123
  87 001d 41       		.byte	65
  88 001e 48       		.byte	72
  89 001f E0       		.byte	-32
  90 0020 88       		.byte	-120
  91 0021 03       		.byte	3
  92 0022 01       		.byte	1
  93 0023 00       		.byte	0
  94 0024 00       		.byte	0
  95 0025 00       		.byte	0
  96 0026 00       		.byte	0
  97 0027 00       		.byte	0
ARM GAS  C:\Users\AHMEDH~1\AppData\Local\Temp\ccM1MI5H.s 			page 6


  98 0028 00       		.byte	0
  99 0029 00       		.byte	0
 100 002a 00       		.byte	0
 101 002b 00       		.byte	0
 102 002c 01       		.byte	1
 103 002d 01       		.byte	1
 104 002e 00       		.byte	0
 105 002f 00       		.space	1
 106 0030 0012     		.short	4608
 107 0032 72       		.byte	114
 108 0033 34       		.byte	52
 109 0034 85       		.byte	-123
 110 0035 41       		.byte	65
 111 0036 68       		.byte	104
 112 0037 E0       		.byte	-32
 113 0038 88       		.byte	-120
 114 0039 03       		.byte	3
 115 003a 00       		.byte	0
 116 003b 00       		.byte	0
 117 003c 00       		.byte	0
 118 003d 00       		.byte	0
 119 003e 00       		.byte	0
 120 003f 00       		.byte	0
 121 0040 00       		.byte	0
 122 0041 00       		.byte	0
 123 0042 00       		.byte	0
 124 0043 00       		.byte	0
 125 0044 02       		.byte	2
 126 0045 01       		.byte	1
 127 0046 00       		.byte	0
 128 0047 00       		.space	1
 129 0048 0012     		.short	4608
 130 004a 72       		.byte	114
 131 004b 34       		.byte	52
 132 004c 85       		.byte	-123
 133 004d 41       		.byte	65
 134 004e 48       		.byte	72
 135 004f E0       		.byte	-32
 136 0050 88       		.byte	-120
 137 0051 03       		.byte	3
 138 0052 00       		.byte	0
 139 0053 00       		.byte	0
 140 0054 00       		.byte	0
 141 0055 00       		.byte	0
 142 0056 00       		.byte	0
 143 0057 00       		.byte	0
 144 0058 00       		.byte	0
 145 0059 00       		.byte	0
 146 005a 00       		.byte	0
 147 005b 00       		.byte	0
 148 005c 03       		.byte	3
 149 005d 01       		.byte	1
 150 005e 00       		.byte	0
 151 005f 00       		.space	1
 152 0060 0012     		.short	4608
 153 0062 F2       		.byte	-14
 154 0063 34       		.byte	52
ARM GAS  C:\Users\AHMEDH~1\AppData\Local\Temp\ccM1MI5H.s 			page 7


 155 0064 87       		.byte	-121
 156 0065 41       		.byte	65
 157 0066 68       		.byte	104
 158 0067 E1       		.byte	-31
 159 0068 9A       		.byte	-102
 160 0069 03       		.byte	3
 161 006a 01       		.byte	1
 162 006b 00       		.byte	0
 163 006c 00       		.byte	0
 164 006d 00       		.byte	0
 165 006e 00       		.byte	0
 166 006f 00       		.byte	0
 167 0070 00       		.byte	0
 168 0071 00       		.byte	0
 169 0072 20       		.byte	32
 170 0073 00       		.byte	0
 171 0074 04       		.byte	4
 172 0075 00       		.byte	0
 173 0076 00       		.byte	0
 174 0077 00       		.space	1
 175 0078 0012     		.short	4608
 176 007a F2       		.byte	-14
 177 007b 34       		.byte	52
 178 007c 87       		.byte	-121
 179 007d 41       		.byte	65
 180 007e 68       		.byte	104
 181 007f E1       		.byte	-31
 182 0080 9A       		.byte	-102
 183 0081 03       		.byte	3
 184 0082 01       		.byte	1
 185 0083 00       		.byte	0
 186 0084 00       		.byte	0
 187 0085 00       		.byte	0
 188 0086 00       		.byte	0
 189 0087 00       		.byte	0
 190 0088 00       		.byte	0
 191 0089 00       		.byte	0
 192 008a 20       		.byte	32
 193 008b 00       		.byte	0
 194 008c 05       		.byte	5
 195 008d 00       		.byte	0
 196 008e 00       		.byte	0
 197 008f 00       		.space	1
 198 0090 2012     		.short	4640
 199 0092 F2       		.byte	-14
 200 0093 34       		.byte	52
 201 0094 87       		.byte	-121
 202 0095 41       		.byte	65
 203 0096 68       		.byte	104
 204 0097 E1       		.byte	-31
 205 0098 9A       		.byte	-102
 206 0099 03       		.byte	3
 207 009a 01       		.byte	1
 208 009b 00       		.byte	0
 209 009c 00       		.byte	0
 210 009d 00       		.byte	0
 211 009e 00       		.byte	0
ARM GAS  C:\Users\AHMEDH~1\AppData\Local\Temp\ccM1MI5H.s 			page 8


 212 009f 00       		.byte	0
 213 00a0 00       		.byte	0
 214 00a1 00       		.byte	0
 215 00a2 20       		.byte	32
 216 00a3 00       		.byte	0
 217 00a4 06       		.byte	6
 218 00a5 00       		.byte	0
 219 00a6 80       		.byte	-128
 220 00a7 00       		.space	1
 221 00a8 2012     		.short	4640
 222 00aa F2       		.byte	-14
 223 00ab 34       		.byte	52
 224 00ac 87       		.byte	-121
 225 00ad 41       		.byte	65
 226 00ae 68       		.byte	104
 227 00af E1       		.byte	-31
 228 00b0 9A       		.byte	-102
 229 00b1 03       		.byte	3
 230 00b2 00       		.byte	0
 231 00b3 00       		.byte	0
 232 00b4 00       		.byte	0
 233 00b5 00       		.byte	0
 234 00b6 00       		.byte	0
 235 00b7 00       		.byte	0
 236 00b8 00       		.byte	0
 237 00b9 00       		.byte	0
 238 00ba 00       		.byte	0
 239 00bb 00       		.byte	0
 240 00bc 07       		.byte	7
 241 00bd 01       		.byte	1
 242 00be 80       		.byte	-128
 243 00bf 00       		.space	1
 244 00c0 2012     		.short	4640
 245 00c2 F2       		.byte	-14
 246 00c3 34       		.byte	52
 247 00c4 87       		.byte	-121
 248 00c5 41       		.byte	65
 249 00c6 68       		.byte	104
 250 00c7 E1       		.byte	-31
 251 00c8 9A       		.byte	-102
 252 00c9 03       		.byte	3
 253 00ca 00       		.byte	0
 254 00cb 00       		.byte	0
 255 00cc 00       		.byte	0
 256 00cd 00       		.byte	0
 257 00ce 00       		.byte	0
 258 00cf 00       		.byte	0
 259 00d0 00       		.byte	0
 260 00d1 00       		.byte	0
 261 00d2 00       		.byte	0
 262 00d3 06       		.byte	6
 263 00d4 08       		.byte	8
 264 00d5 01       		.byte	1
 265 00d6 80       		.byte	-128
 266 00d7 00       		.space	1
 267 00d8 2012     		.short	4640
 268 00da F2       		.byte	-14
ARM GAS  C:\Users\AHMEDH~1\AppData\Local\Temp\ccM1MI5H.s 			page 9


 269 00db 34       		.byte	52
 270 00dc 87       		.byte	-121
 271 00dd 41       		.byte	65
 272 00de 68       		.byte	104
 273 00df E1       		.byte	-31
 274 00e0 9A       		.byte	-102
 275 00e1 03       		.byte	3
 276 00e2 00       		.byte	0
 277 00e3 00       		.byte	0
 278 00e4 00       		.byte	0
 279 00e5 00       		.byte	0
 280 00e6 00       		.byte	0
 281 00e7 00       		.byte	0
 282 00e8 00       		.byte	0
 283 00e9 00       		.byte	0
 284 00ea 00       		.byte	0
 285 00eb 00       		.byte	0
 286 00ec 09       		.byte	9
 287 00ed 01       		.byte	1
 288 00ee 80       		.byte	-128
 289 00ef 00       		.space	1
 290 00f0 2014     		.short	5152
 291 00f2 FE       		.byte	-2
 292 00f3 36       		.byte	54
 293 00f4 81       		.byte	-127
 294 00f5 0E       		.byte	14
 295 00f6 C1       		.byte	-63
 296 00f7 EB       		.byte	-21
 297 00f8 02       		.byte	2
 298 00f9 00       		.byte	0
 299 00fa 00       		.byte	0
 300 00fb 00       		.byte	0
 301 00fc 00       		.byte	0
 302 00fd 00       		.byte	0
 303 00fe 00       		.byte	0
 304 00ff 00       		.byte	0
 305 0100 00       		.byte	0
 306 0101 00       		.byte	0
 307 0102 02       		.byte	2
 308 0103 00       		.byte	0
 309 0104 0A       		.byte	10
 310 0105 00       		.byte	0
 311 0106 00       		.byte	0
 312 0107 00       		.space	1
 313 0108 2012     		.short	4640
 314 010a 70       		.byte	112
 315 010b 3C       		.byte	60
 316 010c 05       		.byte	5
 317 010d 80       		.byte	-128
 318 010e 0C       		.byte	12
 319 010f C0       		.byte	-64
 320 0110 04       		.byte	4
 321 0111 0C       		.byte	12
 322 0112 00       		.byte	0
 323 0113 00       		.byte	0
 324 0114 00       		.byte	0
 325 0115 00       		.byte	0
ARM GAS  C:\Users\AHMEDH~1\AppData\Local\Temp\ccM1MI5H.s 			page 10


 326 0116 00       		.byte	0
 327 0117 00       		.byte	0
 328 0118 00       		.byte	0
 329 0119 00       		.byte	0
 330 011a 02       		.byte	2
 331 011b 00       		.byte	0
 332 011c 0B       		.byte	11
 333 011d 00       		.byte	0
 334 011e 00       		.byte	0
 335 011f 00       		.space	1
 336 0120 0413     		.short	4868
 337 0122 70       		.byte	112
 338 0123 3C       		.byte	60
 339 0124 05       		.byte	5
 340 0125 80       		.byte	-128
 341 0126 0C       		.byte	12
 342 0127 C0       		.byte	-64
 343 0128 04       		.byte	4
 344 0129 1C       		.byte	28
 345 012a 00       		.byte	0
 346 012b 00       		.byte	0
 347 012c 00       		.byte	0
 348 012d 00       		.byte	0
 349 012e 00       		.byte	0
 350 012f 00       		.byte	0
 351 0130 00       		.byte	0
 352 0131 00       		.byte	0
 353 0132 00       		.byte	0
 354 0133 00       		.byte	0
 355 0134 0C       		.byte	12
 356 0135 00       		.byte	0
 357 0136 00       		.byte	0
 358 0137 00       		.space	1
 359 0138 0418     		.short	6148
 360 013a 02       		.byte	2
 361 013b 30       		.byte	48
 362 013c 81       		.byte	-127
 363 013d 00       		.byte	0
 364 013e 08       		.byte	8
 365 013f C0       		.byte	-64
 366 0140 08       		.byte	8
 367 0141 03       		.byte	3
 368 0142 00       		.byte	0
 369 0143 00       		.byte	0
 370 0144 00       		.byte	0
 371 0145 00       		.byte	0
 372 0146 00       		.byte	0
 373 0147 00       		.byte	0
 374 0148 00       		.byte	0
 375 0149 00       		.byte	0
 376 014a 92       		.byte	-110
 377 014b 00       		.byte	0
 378 014c 0D       		.byte	13
 379 014d 00       		.byte	0
 380 014e 00       		.byte	0
 381 014f 00       		.space	1
 382 0150 2014     		.short	5152
ARM GAS  C:\Users\AHMEDH~1\AppData\Local\Temp\ccM1MI5H.s 			page 11


 383 0152 72       		.byte	114
 384 0153 34       		.byte	52
 385 0154 85       		.byte	-123
 386 0155 41       		.byte	65
 387 0156 6C       		.byte	108
 388 0157 E1       		.byte	-31
 389 0158 9E       		.byte	-98
 390 0159 03       		.byte	3
 391 015a 00       		.byte	0
 392 015b 00       		.byte	0
 393 015c 00       		.byte	0
 394 015d 00       		.byte	0
 395 015e 00       		.byte	0
 396 015f 00       		.byte	0
 397 0160 00       		.byte	0
 398 0161 00       		.byte	0
 399 0162 00       		.byte	0
 400 0163 00       		.byte	0
 401 0164 0E       		.byte	14
 402 0165 00       		.byte	0
 403 0166 00       		.byte	0
 404 0167 00       		.space	1
 405 0168 0012     		.short	4608
 406 016a F2       		.byte	-14
 407 016b 34       		.byte	52
 408 016c 87       		.byte	-121
 409 016d 41       		.byte	65
 410 016e 68       		.byte	104
 411 016f E1       		.byte	-31
 412 0170 9A       		.byte	-102
 413 0171 03       		.byte	3
 414 0172 00       		.byte	0
 415 0173 00       		.byte	0
 416 0174 00       		.byte	0
 417 0175 00       		.byte	0
 418 0176 00       		.byte	0
 419 0177 00       		.byte	0
 420 0178 00       		.byte	0
 421 0179 00       		.byte	0
 422 017a 00       		.byte	0
 423 017b 00       		.byte	0
 424 017c 0F       		.byte	15
 425 017d 01       		.byte	1
 426 017e 00       		.byte	0
 427 017f 00       		.space	1
 428 0180 0011     		.short	4352
 429 0182 72       		.byte	114
 430 0183 34       		.byte	52
 431 0184 87       		.byte	-121
 432 0185 41       		.byte	65
 433 0186 68       		.byte	104
 434 0187 E1       		.byte	-31
 435 0188 9A       		.byte	-102
 436 0189 03       		.byte	3
 437 018a 01       		.byte	1
 438 018b 00       		.byte	0
 439 018c 00       		.byte	0
ARM GAS  C:\Users\AHMEDH~1\AppData\Local\Temp\ccM1MI5H.s 			page 12


 440 018d 00       		.byte	0
 441 018e 00       		.byte	0
 442 018f 00       		.byte	0
 443 0190 00       		.byte	0
 444 0191 00       		.byte	0
 445 0192 00       		.byte	0
 446 0193 00       		.byte	0
 447 0194 10       		.byte	16
 448 0195 01       		.byte	1
 449 0196 00       		.byte	0
 450 0197 00       		.space	1
 451 0198 0012     		.short	4608
 452 019a F2       		.byte	-14
 453 019b 34       		.byte	52
 454 019c 87       		.byte	-121
 455 019d 41       		.byte	65
 456 019e 68       		.byte	104
 457 019f E1       		.byte	-31
 458 01a0 9A       		.byte	-102
 459 01a1 03       		.byte	3
 460 01a2 00       		.byte	0
 461 01a3 00       		.byte	0
 462 01a4 00       		.byte	0
 463 01a5 00       		.byte	0
 464 01a6 00       		.byte	0
 465 01a7 00       		.byte	0
 466 01a8 00       		.byte	0
 467 01a9 00       		.byte	0
 468 01aa 00       		.byte	0
 469 01ab 00       		.byte	0
 470 01ac 11       		.byte	17
 471 01ad 01       		.byte	1
 472 01ae 00       		.byte	0
 473 01af 00       		.space	1
 474 01b0 2012     		.short	4640
 475 01b2 F2       		.byte	-14
 476 01b3 34       		.byte	52
 477 01b4 87       		.byte	-121
 478 01b5 41       		.byte	65
 479 01b6 68       		.byte	104
 480 01b7 E1       		.byte	-31
 481 01b8 9A       		.byte	-102
 482 01b9 03       		.byte	3
 483 01ba 00       		.byte	0
 484 01bb 00       		.byte	0
 485 01bc 00       		.byte	0
 486 01bd 00       		.byte	0
 487 01be 00       		.byte	0
 488 01bf 00       		.byte	0
 489 01c0 00       		.byte	0
 490 01c1 00       		.byte	0
 491 01c2 00       		.byte	0
 492 01c3 00       		.byte	0
 493 01c4 12       		.byte	18
 494 01c5 01       		.byte	1
 495 01c6 80       		.byte	-128
 496 01c7 00       		.space	1
ARM GAS  C:\Users\AHMEDH~1\AppData\Local\Temp\ccM1MI5H.s 			page 13


 497 01c8 2012     		.short	4640
 498 01ca 72       		.byte	114
 499 01cb 34       		.byte	52
 500 01cc 85       		.byte	-123
 501 01cd 41       		.byte	65
 502 01ce 6C       		.byte	108
 503 01cf E0       		.byte	-32
 504 01d0 8E       		.byte	-114
 505 01d1 03       		.byte	3
 506 01d2 00       		.byte	0
 507 01d3 00       		.byte	0
 508 01d4 00       		.byte	0
 509 01d5 00       		.byte	0
 510 01d6 00       		.byte	0
 511 01d7 00       		.byte	0
 512 01d8 00       		.byte	0
 513 01d9 00       		.byte	0
 514 01da 00       		.byte	0
 515 01db 06       		.byte	6
 516 01dc 13       		.byte	19
 517 01dd 01       		.byte	1
 518 01de 80       		.byte	-128
 519 01df 00       		.space	1
 520 01e0 0012     		.short	4608
 521 01e2 72       		.byte	114
 522 01e3 34       		.byte	52
 523 01e4 87       		.byte	-121
 524 01e5 41       		.byte	65
 525 01e6 68       		.byte	104
 526 01e7 E1       		.byte	-31
 527 01e8 9A       		.byte	-102
 528 01e9 03       		.byte	3
 529 01ea 00       		.byte	0
 530 01eb 00       		.byte	0
 531 01ec 00       		.byte	0
 532 01ed 00       		.byte	0
 533 01ee 00       		.byte	0
 534 01ef 00       		.byte	0
 535 01f0 00       		.byte	0
 536 01f1 00       		.byte	0
 537 01f2 00       		.byte	0
 538 01f3 00       		.byte	0
 539 01f4 14       		.byte	20
 540 01f5 01       		.byte	1
 541 01f6 00       		.byte	0
 542 01f7 00       		.space	1
 543 01f8 0011     		.short	4352
 544 01fa 72       		.byte	114
 545 01fb 34       		.byte	52
 546 01fc 87       		.byte	-121
 547 01fd 41       		.byte	65
 548 01fe 68       		.byte	104
 549 01ff E1       		.byte	-31
 550 0200 9A       		.byte	-102
 551 0201 03       		.byte	3
 552 0202 00       		.byte	0
 553 0203 00       		.byte	0
ARM GAS  C:\Users\AHMEDH~1\AppData\Local\Temp\ccM1MI5H.s 			page 14


 554 0204 00       		.byte	0
 555 0205 00       		.byte	0
 556 0206 00       		.byte	0
 557 0207 00       		.byte	0
 558 0208 00       		.byte	0
 559 0209 00       		.byte	0
 560 020a 00       		.byte	0
 561 020b 00       		.byte	0
 562 020c 15       		.byte	21
 563 020d 01       		.byte	1
 564 020e 00       		.byte	0
 565 020f 00       		.space	1
 566 0210 0012     		.short	4608
 567 0212 72       		.byte	114
 568 0213 34       		.byte	52
 569 0214 87       		.byte	-121
 570 0215 41       		.byte	65
 571 0216 68       		.byte	104
 572 0217 E1       		.byte	-31
 573 0218 9A       		.byte	-102
 574 0219 03       		.byte	3
 575 021a 00       		.byte	0
 576 021b 00       		.byte	0
 577 021c 00       		.byte	0
 578 021d 00       		.byte	0
 579 021e 00       		.byte	0
 580 021f 00       		.byte	0
 581 0220 00       		.byte	0
 582 0221 00       		.byte	0
 583 0222 00       		.byte	0
 584 0223 00       		.byte	0
 585 0224 16       		.byte	22
 586 0225 01       		.byte	1
 587 0226 00       		.byte	0
 588 0227 00       		.space	1
 589 0228 0008     		.short	2048
 590 022a 20       		.byte	32
 591 022b 20       		.byte	32
 592 022c 01       		.byte	1
 593 022d 00       		.byte	0
 594 022e 00       		.byte	0
 595 022f 80       		.byte	-128
 596 0230 00       		.byte	0
 597 0231 00       		.byte	0
 598 0232 00       		.byte	0
 599 0233 00       		.byte	0
 600 0234 00       		.byte	0
 601 0235 00       		.byte	0
 602 0236 00       		.byte	0
 603 0237 00       		.byte	0
 604 0238 00       		.byte	0
 605 0239 00       		.byte	0
 606 023a 99       		.byte	-103
 607 023b 00       		.byte	0
 608 023c 17       		.byte	23
 609 023d 00       		.byte	0
 610 023e 00       		.byte	0
ARM GAS  C:\Users\AHMEDH~1\AppData\Local\Temp\ccM1MI5H.s 			page 15


 611 023f 00       		.space	1
 612 0240 2015     		.short	5408
 613 0242 02       		.byte	2
 614 0243 30       		.byte	48
 615 0244 81       		.byte	-127
 616 0245 01       		.byte	1
 617 0246 08       		.byte	8
 618 0247 C0       		.byte	-64
 619 0248 0C       		.byte	12
 620 0249 04       		.byte	4
 621 024a 00       		.byte	0
 622 024b 78       		.byte	120
 623 024c 37       		.byte	55
 624 024d 80       		.byte	-128
 625 024e 40       		.byte	64
 626 024f 00       		.byte	0
 627 0250 00       		.byte	0
 628 0251 00       		.byte	0
 629 0252 00       		.byte	0
 630 0253 00       		.byte	0
 631 0254 18       		.byte	24
 632 0255 00       		.byte	0
 633 0256 00       		.byte	0
 634 0257 00       		.space	1
 635              		.type	KTransHeader, %object
 636              		.size	KTransHeader, 25
 637              	KTransHeader:
 638 0258 04       		.byte	4
 639 0259 04       		.byte	4
 640 025a 05       		.byte	5
 641 025b 05       		.byte	5
 642 025c 06       		.byte	6
 643 025d 06       		.byte	6
 644 025e 06       		.byte	6
 645 025f 07       		.byte	7
 646 0260 08       		.byte	8
 647 0261 05       		.byte	5
 648 0262 09       		.byte	9
 649 0263 0A       		.byte	10
 650 0264 0B       		.byte	11
 651 0265 0C       		.byte	12
 652 0266 0D       		.byte	13
 653 0267 05       		.byte	5
 654 0268 04       		.byte	4
 655 0269 06       		.byte	6
 656 026a 05       		.byte	5
 657 026b 08       		.byte	8
 658 026c 05       		.byte	5
 659 026d 04       		.byte	4
 660 026e 06       		.byte	6
 661 026f 0E       		.byte	14
 662 0270 0F       		.byte	15
 663              		.type	KSetlPCode2, %object
 664              		.size	KSetlPCode2, 3
 665              	KSetlPCode2:
 666 0271 96       		.byte	-106
 667 0272 00       		.byte	0
ARM GAS  C:\Users\AHMEDH~1\AppData\Local\Temp\ccM1MI5H.s 			page 16


 668 0273 00       		.byte	0
 669              		.text
 670              	.Letext0:
 671              		.file 2 "../LibA5T1000/common.h"
 672              		.file 3 "src/message.h"
 673              		.file 4 "src/constant.h"
 674              		.section	.debug_info,"",%progbits
 675              	.Ldebug_info0:
 676 0000 EC050000 		.4byte	0x5ec
 677 0004 0400     		.2byte	0x4
 678 0006 00000000 		.4byte	.Ldebug_abbrev0
 679 000a 04       		.byte	0x4
 680 000b 01       		.uleb128 0x1
 681 000c E4010000 		.4byte	.LASF192
 682 0010 01       		.byte	0x1
 683 0011 C9090000 		.4byte	.LASF193
 684 0015 F4080000 		.4byte	.LASF194
 685 0019 00000000 		.4byte	.Ldebug_ranges0+0
 686 001d 00000000 		.4byte	0
 687 0021 00000000 		.4byte	.Ldebug_line0
 688 0025 02       		.uleb128 0x2
 689 0026 0B090000 		.4byte	.LASF0
 690 002a 02       		.byte	0x2
 691 002b 0D       		.byte	0xd
 692 002c 30000000 		.4byte	0x30
 693 0030 03       		.uleb128 0x3
 694 0031 01       		.byte	0x1
 695 0032 08       		.byte	0x8
 696 0033 78080000 		.4byte	.LASF3
 697 0037 02       		.uleb128 0x2
 698 0038 E9030000 		.4byte	.LASF1
 699 003c 02       		.byte	0x2
 700 003d 0E       		.byte	0xe
 701 003e 30000000 		.4byte	0x30
 702 0042 02       		.uleb128 0x2
 703 0043 F0060000 		.4byte	.LASF2
 704 0047 02       		.byte	0x2
 705 0048 0F       		.byte	0xf
 706 0049 4D000000 		.4byte	0x4d
 707 004d 03       		.uleb128 0x3
 708 004e 02       		.byte	0x2
 709 004f 07       		.byte	0x7
 710 0050 5E050000 		.4byte	.LASF4
 711 0054 03       		.uleb128 0x3
 712 0055 04       		.byte	0x4
 713 0056 07       		.byte	0x7
 714 0057 4A040000 		.4byte	.LASF5
 715 005b 03       		.uleb128 0x3
 716 005c 08       		.byte	0x8
 717 005d 07       		.byte	0x7
 718 005e C4000000 		.4byte	.LASF6
 719 0062 03       		.uleb128 0x3
 720 0063 04       		.byte	0x4
 721 0064 07       		.byte	0x7
 722 0065 9F060000 		.4byte	.LASF7
 723 0069 04       		.uleb128 0x4
 724 006a 01       		.byte	0x1
ARM GAS  C:\Users\AHMEDH~1\AppData\Local\Temp\ccM1MI5H.s 			page 17


 725 006b 03       		.byte	0x3
 726 006c 34       		.byte	0x34
 727 006d 37040000 		.4byte	0x437
 728 0071 05       		.uleb128 0x5
 729 0072 C6030000 		.4byte	.LASF8
 730 0076 00       		.sleb128 0
 731 0077 05       		.uleb128 0x5
 732 0078 72090000 		.4byte	.LASF9
 733 007c 01       		.sleb128 1
 734 007d 05       		.uleb128 0x5
 735 007e B2000000 		.4byte	.LASF10
 736 0082 02       		.sleb128 2
 737 0083 05       		.uleb128 0x5
 738 0084 D7030000 		.4byte	.LASF11
 739 0088 03       		.sleb128 3
 740 0089 05       		.uleb128 0x5
 741 008a 26000000 		.4byte	.LASF12
 742 008e 04       		.sleb128 4
 743 008f 05       		.uleb128 0x5
 744 0090 65070000 		.4byte	.LASF13
 745 0094 05       		.sleb128 5
 746 0095 05       		.uleb128 0x5
 747 0096 BB060000 		.4byte	.LASF14
 748 009a 06       		.sleb128 6
 749 009b 05       		.uleb128 0x5
 750 009c 9F010000 		.4byte	.LASF15
 751 00a0 07       		.sleb128 7
 752 00a1 05       		.uleb128 0x5
 753 00a2 DB000000 		.4byte	.LASF16
 754 00a6 08       		.sleb128 8
 755 00a7 05       		.uleb128 0x5
 756 00a8 67040000 		.4byte	.LASF17
 757 00ac 09       		.sleb128 9
 758 00ad 05       		.uleb128 0x5
 759 00ae 14070000 		.4byte	.LASF18
 760 00b2 0A       		.sleb128 10
 761 00b3 05       		.uleb128 0x5
 762 00b4 A90A0000 		.4byte	.LASF19
 763 00b8 0B       		.sleb128 11
 764 00b9 05       		.uleb128 0x5
 765 00ba 32000000 		.4byte	.LASF20
 766 00be 0C       		.sleb128 12
 767 00bf 05       		.uleb128 0x5
 768 00c0 C1040000 		.4byte	.LASF21
 769 00c4 0D       		.sleb128 13
 770 00c5 05       		.uleb128 0x5
 771 00c6 8F060000 		.4byte	.LASF22
 772 00ca 0E       		.sleb128 14
 773 00cb 05       		.uleb128 0x5
 774 00cc 83010000 		.4byte	.LASF23
 775 00d0 0F       		.sleb128 15
 776 00d1 05       		.uleb128 0x5
 777 00d2 250B0000 		.4byte	.LASF24
 778 00d6 10       		.sleb128 16
 779 00d7 05       		.uleb128 0x5
 780 00d8 F90B0000 		.4byte	.LASF25
 781 00dc 11       		.sleb128 17
ARM GAS  C:\Users\AHMEDH~1\AppData\Local\Temp\ccM1MI5H.s 			page 18


 782 00dd 05       		.uleb128 0x5
 783 00de 3F030000 		.4byte	.LASF26
 784 00e2 12       		.sleb128 18
 785 00e3 05       		.uleb128 0x5
 786 00e4 080C0000 		.4byte	.LASF27
 787 00e8 13       		.sleb128 19
 788 00e9 05       		.uleb128 0x5
 789 00ea 3A0D0000 		.4byte	.LASF28
 790 00ee 14       		.sleb128 20
 791 00ef 05       		.uleb128 0x5
 792 00f0 81030000 		.4byte	.LASF29
 793 00f4 15       		.sleb128 21
 794 00f5 05       		.uleb128 0x5
 795 00f6 380A0000 		.4byte	.LASF30
 796 00fa 16       		.sleb128 22
 797 00fb 05       		.uleb128 0x5
 798 00fc 22070000 		.4byte	.LASF31
 799 0100 17       		.sleb128 23
 800 0101 05       		.uleb128 0x5
 801 0102 A3070000 		.4byte	.LASF32
 802 0106 18       		.sleb128 24
 803 0107 05       		.uleb128 0x5
 804 0108 18030000 		.4byte	.LASF33
 805 010c 19       		.sleb128 25
 806 010d 05       		.uleb128 0x5
 807 010e 51030000 		.4byte	.LASF34
 808 0112 1A       		.sleb128 26
 809 0113 05       		.uleb128 0x5
 810 0114 58010000 		.4byte	.LASF35
 811 0118 1B       		.sleb128 27
 812 0119 05       		.uleb128 0x5
 813 011a 33080000 		.4byte	.LASF36
 814 011e 1C       		.sleb128 28
 815 011f 05       		.uleb128 0x5
 816 0120 9C050000 		.4byte	.LASF37
 817 0124 1D       		.sleb128 29
 818 0125 05       		.uleb128 0x5
 819 0126 2C030000 		.4byte	.LASF38
 820 012a 1E       		.sleb128 30
 821 012b 05       		.uleb128 0x5
 822 012c 97080000 		.4byte	.LASF39
 823 0130 1F       		.sleb128 31
 824 0131 05       		.uleb128 0x5
 825 0132 B9030000 		.4byte	.LASF40
 826 0136 20       		.sleb128 32
 827 0137 05       		.uleb128 0x5
 828 0138 8E050000 		.4byte	.LASF41
 829 013c 21       		.sleb128 33
 830 013d 05       		.uleb128 0x5
 831 013e 940B0000 		.4byte	.LASF42
 832 0142 22       		.sleb128 34
 833 0143 05       		.uleb128 0x5
 834 0144 F3050000 		.4byte	.LASF43
 835 0148 23       		.sleb128 35
 836 0149 05       		.uleb128 0x5
 837 014a 27040000 		.4byte	.LASF44
 838 014e 24       		.sleb128 36
ARM GAS  C:\Users\AHMEDH~1\AppData\Local\Temp\ccM1MI5H.s 			page 19


 839 014f 05       		.uleb128 0x5
 840 0150 880C0000 		.4byte	.LASF45
 841 0154 25       		.sleb128 37
 842 0155 05       		.uleb128 0x5
 843 0156 34070000 		.4byte	.LASF46
 844 015a 26       		.sleb128 38
 845 015b 05       		.uleb128 0x5
 846 015c 91070000 		.4byte	.LASF47
 847 0160 27       		.sleb128 39
 848 0161 05       		.uleb128 0x5
 849 0162 A7030000 		.4byte	.LASF48
 850 0166 28       		.sleb128 40
 851 0167 05       		.uleb128 0x5
 852 0168 78000000 		.4byte	.LASF49
 853 016c 29       		.sleb128 41
 854 016d 05       		.uleb128 0x5
 855 016e E9090000 		.4byte	.LASF50
 856 0172 2A       		.sleb128 42
 857 0173 05       		.uleb128 0x5
 858 0174 D1040000 		.4byte	.LASF51
 859 0178 2B       		.sleb128 43
 860 0179 05       		.uleb128 0x5
 861 017a B3020000 		.4byte	.LASF52
 862 017e 2C       		.sleb128 44
 863 017f 05       		.uleb128 0x5
 864 0180 A8060000 		.4byte	.LASF53
 865 0184 2D       		.sleb128 45
 866 0185 05       		.uleb128 0x5
 867 0186 B10B0000 		.4byte	.LASF54
 868 018a 2E       		.sleb128 46
 869 018b 05       		.uleb128 0x5
 870 018c 64090000 		.4byte	.LASF55
 871 0190 2F       		.sleb128 47
 872 0191 05       		.uleb128 0x5
 873 0192 D8090000 		.4byte	.LASF56
 874 0196 30       		.sleb128 48
 875 0197 05       		.uleb128 0x5
 876 0198 3F050000 		.4byte	.LASF57
 877 019c 31       		.sleb128 49
 878 019d 05       		.uleb128 0x5
 879 019e 13090000 		.4byte	.LASF58
 880 01a2 32       		.sleb128 50
 881 01a3 05       		.uleb128 0x5
 882 01a4 890A0000 		.4byte	.LASF59
 883 01a8 33       		.sleb128 51
 884 01a9 05       		.uleb128 0x5
 885 01aa 47080000 		.4byte	.LASF60
 886 01ae 34       		.sleb128 52
 887 01af 05       		.uleb128 0x5
 888 01b0 F5020000 		.4byte	.LASF61
 889 01b4 35       		.sleb128 53
 890 01b5 05       		.uleb128 0x5
 891 01b6 04080000 		.4byte	.LASF62
 892 01ba 36       		.sleb128 54
 893 01bb 05       		.uleb128 0x5
 894 01bc EC000000 		.4byte	.LASF63
 895 01c0 37       		.sleb128 55
ARM GAS  C:\Users\AHMEDH~1\AppData\Local\Temp\ccM1MI5H.s 			page 20


 896 01c1 05       		.uleb128 0x5
 897 01c2 42090000 		.4byte	.LASF64
 898 01c6 38       		.sleb128 56
 899 01c7 05       		.uleb128 0x5
 900 01c8 64060000 		.4byte	.LASF65
 901 01cc 39       		.sleb128 57
 902 01cd 05       		.uleb128 0x5
 903 01ce BC080000 		.4byte	.LASF66
 904 01d2 3A       		.sleb128 58
 905 01d3 05       		.uleb128 0x5
 906 01d4 EE030000 		.4byte	.LASF67
 907 01d8 3B       		.sleb128 59
 908 01d9 05       		.uleb128 0x5
 909 01da 4C0B0000 		.4byte	.LASF68
 910 01de 3C       		.sleb128 60
 911 01df 05       		.uleb128 0x5
 912 01e0 B70A0000 		.4byte	.LASF69
 913 01e4 3D       		.sleb128 61
 914 01e5 05       		.uleb128 0x5
 915 01e6 400C0000 		.4byte	.LASF70
 916 01ea 3E       		.sleb128 62
 917 01eb 05       		.uleb128 0x5
 918 01ec 71070000 		.4byte	.LASF71
 919 01f0 3F       		.sleb128 63
 920 01f1 05       		.uleb128 0x5
 921 01f2 81070000 		.4byte	.LASF72
 922 01f6 C000     		.sleb128 64
 923 01f8 05       		.uleb128 0x5
 924 01f9 24090000 		.4byte	.LASF73
 925 01fd C100     		.sleb128 65
 926 01ff 05       		.uleb128 0x5
 927 0200 40000000 		.4byte	.LASF74
 928 0204 C200     		.sleb128 66
 929 0206 05       		.uleb128 0x5
 930 0207 3A040000 		.4byte	.LASF75
 931 020b C300     		.sleb128 67
 932 020d 05       		.uleb128 0x5
 933 020e AE010000 		.4byte	.LASF76
 934 0212 C400     		.sleb128 68
 935 0214 05       		.uleb128 0x5
 936 0215 F20A0000 		.4byte	.LASF77
 937 0219 C500     		.sleb128 69
 938 021b 05       		.uleb128 0x5
 939 021c AE050000 		.4byte	.LASF78
 940 0220 C600     		.sleb128 70
 941 0222 05       		.uleb128 0x5
 942 0223 0C050000 		.4byte	.LASF79
 943 0227 C700     		.sleb128 71
 944 0229 05       		.uleb128 0x5
 945 022a 3A060000 		.4byte	.LASF80
 946 022e C800     		.sleb128 72
 947 0230 05       		.uleb128 0x5
 948 0231 50000000 		.4byte	.LASF81
 949 0235 C900     		.sleb128 73
 950 0237 05       		.uleb128 0x5
 951 0238 E2040000 		.4byte	.LASF82
 952 023c CA00     		.sleb128 74
ARM GAS  C:\Users\AHMEDH~1\AppData\Local\Temp\ccM1MI5H.s 			page 21


 953 023e 05       		.uleb128 0x5
 954 023f D1050000 		.4byte	.LASF83
 955 0243 CB00     		.sleb128 75
 956 0245 05       		.uleb128 0x5
 957 0246 CA070000 		.4byte	.LASF84
 958 024a CC00     		.sleb128 76
 959 024c 05       		.uleb128 0x5
 960 024d CD0B0000 		.4byte	.LASF85
 961 0251 CD00     		.sleb128 77
 962 0253 05       		.uleb128 0x5
 963 0254 B3040000 		.4byte	.LASF86
 964 0258 CE00     		.sleb128 78
 965 025a 05       		.uleb128 0x5
 966 025b 88000000 		.4byte	.LASF87
 967 025f CF00     		.sleb128 79
 968 0261 05       		.uleb128 0x5
 969 0262 45070000 		.4byte	.LASF88
 970 0266 D000     		.sleb128 80
 971 0268 05       		.uleb128 0x5
 972 0269 8A040000 		.4byte	.LASF89
 973 026d D100     		.sleb128 81
 974 026f 05       		.uleb128 0x5
 975 0270 57040000 		.4byte	.LASF90
 976 0274 D200     		.sleb128 82
 977 0276 05       		.uleb128 0x5
 978 0277 73010000 		.4byte	.LASF91
 979 027b D300     		.sleb128 83
 980 027d 05       		.uleb128 0x5
 981 027e 290D0000 		.4byte	.LASF92
 982 0282 D400     		.sleb128 84
 983 0284 05       		.uleb128 0x5
 984 0285 EF070000 		.4byte	.LASF93
 985 0289 D500     		.sleb128 85
 986 028b 05       		.uleb128 0x5
 987 028c DD070000 		.4byte	.LASF94
 988 0290 D600     		.sleb128 86
 989 0292 05       		.uleb128 0x5
 990 0293 D0010000 		.4byte	.LASF95
 991 0297 D700     		.sleb128 87
 992 0299 05       		.uleb128 0x5
 993 029a 9F040000 		.4byte	.LASF96
 994 029e D800     		.sleb128 88
 995 02a0 05       		.uleb128 0x5
 996 02a1 E2050000 		.4byte	.LASF97
 997 02a5 D900     		.sleb128 89
 998 02a7 05       		.uleb128 0x5
 999 02a8 64030000 		.4byte	.LASF98
 1000 02ac DA00     		.sleb128 90
 1001 02ae 05       		.uleb128 0x5
 1002 02af 4E060000 		.4byte	.LASF99
 1003 02b3 DB00     		.sleb128 91
 1004 02b5 05       		.uleb128 0x5
 1005 02b6 63000000 		.4byte	.LASF100
 1006 02ba DC00     		.sleb128 92
 1007 02bc 05       		.uleb128 0x5
 1008 02bd 4C0A0000 		.4byte	.LASF101
 1009 02c1 DD00     		.sleb128 93
ARM GAS  C:\Users\AHMEDH~1\AppData\Local\Temp\ccM1MI5H.s 			page 22


 1010 02c3 05       		.uleb128 0x5
 1011 02c4 060B0000 		.4byte	.LASF102
 1012 02c8 DE00     		.sleb128 94
 1013 02ca 05       		.uleb128 0x5
 1014 02cb E10B0000 		.4byte	.LASF103
 1015 02cf DF00     		.sleb128 95
 1016 02d1 05       		.uleb128 0x5
 1017 02d2 C70A0000 		.4byte	.LASF104
 1018 02d6 E000     		.sleb128 96
 1019 02d8 05       		.uleb128 0x5
 1020 02d9 17060000 		.4byte	.LASF105
 1021 02dd E100     		.sleb128 97
 1022 02df 05       		.uleb128 0x5
 1023 02e0 CD0C0000 		.4byte	.LASF106
 1024 02e4 E200     		.sleb128 98
 1025 02e6 05       		.uleb128 0x5
 1026 02e7 510C0000 		.4byte	.LASF107
 1027 02eb E300     		.sleb128 99
 1028 02ed 05       		.uleb128 0x5
 1029 02ee AB080000 		.4byte	.LASF108
 1030 02f2 E400     		.sleb128 100
 1031 02f4 05       		.uleb128 0x5
 1032 02f5 86080000 		.4byte	.LASF109
 1033 02f9 E500     		.sleb128 101
 1034 02fb 05       		.uleb128 0x5
 1035 02fc F9090000 		.4byte	.LASF110
 1036 0300 E600     		.sleb128 102
 1037 0302 05       		.uleb128 0x5
 1038 0303 C5020000 		.4byte	.LASF111
 1039 0307 E700     		.sleb128 103
 1040 0309 05       		.uleb128 0x5
 1041 030a B7090000 		.4byte	.LASF112
 1042 030e E800     		.sleb128 104
 1043 0310 05       		.uleb128 0x5
 1044 0311 FA000000 		.4byte	.LASF113
 1045 0315 E900     		.sleb128 105
 1046 0317 05       		.uleb128 0x5
 1047 0318 26010000 		.4byte	.LASF114
 1048 031c EA00     		.sleb128 106
 1049 031e 05       		.uleb128 0x5
 1050 031f 03040000 		.4byte	.LASF115
 1051 0323 EB00     		.sleb128 107
 1052 0325 05       		.uleb128 0x5
 1053 0326 CE080000 		.4byte	.LASF116
 1054 032a EC00     		.sleb128 108
 1055 032c 05       		.uleb128 0x5
 1056 032d 3C0B0000 		.4byte	.LASF117
 1057 0331 ED00     		.sleb128 109
 1058 0333 05       		.uleb128 0x5
 1059 0334 EC0C0000 		.4byte	.LASF118
 1060 0338 EE00     		.sleb128 110
 1061 033a 05       		.uleb128 0x5
 1062 033b FC0C0000 		.4byte	.LASF119
 1063 033f EF00     		.sleb128 111
 1064 0341 05       		.uleb128 0x5
 1065 0342 0C0D0000 		.4byte	.LASF120
 1066 0346 F000     		.sleb128 112
ARM GAS  C:\Users\AHMEDH~1\AppData\Local\Temp\ccM1MI5H.s 			page 23


 1067 0348 05       		.uleb128 0x5
 1068 0349 DD0A0000 		.4byte	.LASF121
 1069 034d F100     		.sleb128 113
 1070 034f 05       		.uleb128 0x5
 1071 0350 170C0000 		.4byte	.LASF122
 1072 0354 F200     		.sleb128 114
 1073 0356 05       		.uleb128 0x5
 1074 0357 65080000 		.4byte	.LASF123
 1075 035b F300     		.sleb128 115
 1076 035d 05       		.uleb128 0x5
 1077 035e BA0C0000 		.4byte	.LASF124
 1078 0362 F400     		.sleb128 116
 1079 0364 05       		.uleb128 0x5
 1080 0365 51090000 		.4byte	.LASF125
 1081 0369 F500     		.sleb128 117
 1082 036b 05       		.uleb128 0x5
 1083 036c 2B0C0000 		.4byte	.LASF126
 1084 0370 F600     		.sleb128 118
 1085 0372 05       		.uleb128 0x5
 1086 0373 E3080000 		.4byte	.LASF127
 1087 0377 F700     		.sleb128 119
 1088 0379 05       		.uleb128 0x5
 1089 037a 46010000 		.4byte	.LASF128
 1090 037e F800     		.sleb128 120
 1091 0380 05       		.uleb128 0x5
 1092 0381 00070000 		.4byte	.LASF129
 1093 0385 F900     		.sleb128 121
 1094 0387 05       		.uleb128 0x5
 1095 0388 91030000 		.4byte	.LASF130
 1096 038c FA00     		.sleb128 122
 1097 038e 05       		.uleb128 0x5
 1098 038f 660C0000 		.4byte	.LASF131
 1099 0393 FB00     		.sleb128 123
 1100 0395 05       		.uleb128 0x5
 1101 0396 B3070000 		.4byte	.LASF132
 1102 039a FC00     		.sleb128 124
 1103 039c 05       		.uleb128 0x5
 1104 039d 17080000 		.4byte	.LASF133
 1105 03a1 FD00     		.sleb128 125
 1106 03a3 05       		.uleb128 0x5
 1107 03a4 640A0000 		.4byte	.LASF134
 1108 03a8 FE00     		.sleb128 126
 1109 03aa 05       		.uleb128 0x5
 1110 03ab 120A0000 		.4byte	.LASF135
 1111 03af FF00     		.sleb128 127
 1112 03b1 05       		.uleb128 0x5
 1113 03b2 16000000 		.4byte	.LASF136
 1114 03b6 8001     		.sleb128 128
 1115 03b8 05       		.uleb128 0x5
 1116 03b9 7E050000 		.4byte	.LASF137
 1117 03bd 8101     		.sleb128 129
 1118 03bf 05       		.uleb128 0x5
 1119 03c0 06030000 		.4byte	.LASF138
 1120 03c4 8201     		.sleb128 130
 1121 03c6 05       		.uleb128 0x5
 1122 03c7 A3090000 		.4byte	.LASF139
 1123 03cb 8301     		.sleb128 131
ARM GAS  C:\Users\AHMEDH~1\AppData\Local\Temp\ccM1MI5H.s 			page 24


 1124 03cd 05       		.uleb128 0x5
 1125 03ce 13010000 		.4byte	.LASF140
 1126 03d2 8401     		.sleb128 132
 1127 03d4 05       		.uleb128 0x5
 1128 03d5 600B0000 		.4byte	.LASF141
 1129 03d9 8501     		.sleb128 133
 1130 03db 05       		.uleb128 0x5
 1131 03dc D5020000 		.4byte	.LASF142
 1132 03e0 8601     		.sleb128 134
 1133 03e2 05       		.uleb128 0x5
 1134 03e3 7A0C0000 		.4byte	.LASF143
 1135 03e7 8701     		.sleb128 135
 1136 03e9 05       		.uleb128 0x5
 1137 03ea F2040000 		.4byte	.LASF144
 1138 03ee 8801     		.sleb128 136
 1139 03f0 05       		.uleb128 0x5
 1140 03f1 D2060000 		.4byte	.LASF145
 1141 03f5 8901     		.sleb128 137
 1142 03f7 05       		.uleb128 0x5
 1143 03f8 780B0000 		.4byte	.LASF146
 1144 03fc 8A01     		.sleb128 138
 1145 03fe 05       		.uleb128 0x5
 1146 03ff 31050000 		.4byte	.LASF147
 1147 0403 8B01     		.sleb128 139
 1148 0405 05       		.uleb128 0x5
 1149 0406 87090000 		.4byte	.LASF148
 1150 040a 8C01     		.sleb128 140
 1151 040c 05       		.uleb128 0x5
 1152 040d 73040000 		.4byte	.LASF149
 1153 0411 8D01     		.sleb128 141
 1154 0413 05       		.uleb128 0x5
 1155 0414 16040000 		.4byte	.LASF150
 1156 0418 8E01     		.sleb128 142
 1157 041a 05       		.uleb128 0x5
 1158 041b 04060000 		.4byte	.LASF151
 1159 041f 8F01     		.sleb128 143
 1160 0421 05       		.uleb128 0x5
 1161 0422 740A0000 		.4byte	.LASF152
 1162 0426 9001     		.sleb128 144
 1163 0428 05       		.uleb128 0x5
 1164 0429 9C0C0000 		.4byte	.LASF153
 1165 042d 9101     		.sleb128 145
 1166 042f 05       		.uleb128 0x5
 1167 0430 A6000000 		.4byte	.LASF154
 1168 0434 9201     		.sleb128 146
 1169 0436 00       		.byte	0
 1170 0437 04       		.uleb128 0x4
 1171 0438 01       		.byte	0x1
 1172 0439 04       		.byte	0x4
 1173 043a 33       		.byte	0x33
 1174 043b E3040000 		.4byte	0x4e3
 1175 043f 05       		.uleb128 0x5
 1176 0440 75060000 		.4byte	.LASF155
 1177 0444 00       		.sleb128 0
 1178 0445 05       		.uleb128 0x5
 1179 0446 2C0A0000 		.4byte	.LASF156
 1180 044a 01       		.sleb128 1
ARM GAS  C:\Users\AHMEDH~1\AppData\Local\Temp\ccM1MI5H.s 			page 25


 1181 044b 05       		.uleb128 0x5
 1182 044c F5060000 		.4byte	.LASF157
 1183 0450 02       		.sleb128 2
 1184 0451 05       		.uleb128 0x5
 1185 0452 93010000 		.4byte	.LASF158
 1186 0456 03       		.sleb128 3
 1187 0457 05       		.uleb128 0x5
 1188 0458 9B0A0000 		.4byte	.LASF159
 1189 045c 04       		.sleb128 4
 1190 045d 05       		.uleb128 0x5
 1191 045e 22050000 		.4byte	.LASF160
 1192 0462 05       		.sleb128 5
 1193 0463 05       		.uleb128 0x5
 1194 0464 2C080000 		.4byte	.LASF161
 1195 0468 06       		.sleb128 6
 1196 0469 05       		.uleb128 0x5
 1197 046a 180B0000 		.4byte	.LASF162
 1198 046e 07       		.sleb128 7
 1199 046f 05       		.uleb128 0x5
 1200 0470 E2060000 		.4byte	.LASF163
 1201 0474 08       		.sleb128 8
 1202 0475 05       		.uleb128 0x5
 1203 0476 80060000 		.4byte	.LASF164
 1204 047a 09       		.sleb128 9
 1205 047b 05       		.uleb128 0x5
 1206 047c 29060000 		.4byte	.LASF165
 1207 0480 0A       		.sleb128 10
 1208 0481 05       		.uleb128 0x5
 1209 0482 05050000 		.4byte	.LASF166
 1210 0486 0B       		.sleb128 11
 1211 0487 05       		.uleb128 0x5
 1212 0488 09000000 		.4byte	.LASF167
 1213 048c 0C       		.sleb128 12
 1214 048d 05       		.uleb128 0x5
 1215 048e 37090000 		.4byte	.LASF168
 1216 0492 0D       		.sleb128 13
 1217 0493 05       		.uleb128 0x5
 1218 0494 79030000 		.4byte	.LASF169
 1219 0498 0E       		.sleb128 14
 1220 0499 05       		.uleb128 0x5
 1221 049a C9060000 		.4byte	.LASF170
 1222 049e 0F       		.sleb128 15
 1223 049f 05       		.uleb128 0x5
 1224 04a0 9A090000 		.4byte	.LASF171
 1225 04a4 10       		.sleb128 16
 1226 04a5 05       		.uleb128 0x5
 1227 04a6 C6050000 		.4byte	.LASF172
 1228 04aa 11       		.sleb128 17
 1229 04ab 05       		.uleb128 0x5
 1230 04ac C0010000 		.4byte	.LASF173
 1231 04b0 12       		.sleb128 18
 1232 04b1 05       		.uleb128 0x5
 1233 04b2 4A0D0000 		.4byte	.LASF174
 1234 04b6 13       		.sleb128 19
 1235 04b7 05       		.uleb128 0x5
 1236 04b8 8B0B0000 		.4byte	.LASF175
 1237 04bc 14       		.sleb128 20
ARM GAS  C:\Users\AHMEDH~1\AppData\Local\Temp\ccM1MI5H.s 			page 26


 1238 04bd 05       		.uleb128 0x5
 1239 04be 9D000000 		.4byte	.LASF176
 1240 04c2 15       		.sleb128 21
 1241 04c3 05       		.uleb128 0x5
 1242 04c4 C20B0000 		.4byte	.LASF177
 1243 04c8 16       		.sleb128 22
 1244 04c9 05       		.uleb128 0x5
 1245 04ca EC020000 		.4byte	.LASF178
 1246 04ce 17       		.sleb128 23
 1247 04cf 05       		.uleb128 0x5
 1248 04d0 090A0000 		.4byte	.LASF179
 1249 04d4 18       		.sleb128 24
 1250 04d5 05       		.uleb128 0x5
 1251 04d6 1C0D0000 		.4byte	.LASF180
 1252 04da 19       		.sleb128 25
 1253 04db 05       		.uleb128 0x5
 1254 04dc 57080000 		.4byte	.LASF181
 1255 04e0 FF01     		.sleb128 255
 1256 04e2 00       		.byte	0
 1257 04e3 06       		.uleb128 0x6
 1258 04e4 71050000 		.4byte	.LASF195
 1259 04e8 18       		.byte	0x18
 1260 04e9 04       		.byte	0x4
 1261 04ea 51       		.byte	0x51
 1262 04eb 44050000 		.4byte	0x544
 1263 04ef 07       		.uleb128 0x7
 1264 04f0 210A0000 		.4byte	.LASF182
 1265 04f4 04       		.byte	0x4
 1266 04f5 52       		.byte	0x52
 1267 04f6 42000000 		.4byte	0x42
 1268 04fa 00       		.byte	0
 1269 04fb 07       		.uleb128 0x7
 1270 04fc 52050000 		.4byte	.LASF183
 1271 0500 04       		.byte	0x4
 1272 0501 53       		.byte	0x53
 1273 0502 44050000 		.4byte	0x544
 1274 0506 02       		.byte	0x2
 1275 0507 07       		.uleb128 0x7
 1276 0508 A50B0000 		.4byte	.LASF184
 1277 050c 04       		.byte	0x4
 1278 050d 54       		.byte	0x54
 1279 050e 37000000 		.4byte	0x37
 1280 0512 12       		.byte	0x12
 1281 0513 07       		.uleb128 0x7
 1282 0514 A90C0000 		.4byte	.LASF185
 1283 0518 04       		.byte	0x4
 1284 0519 55       		.byte	0x55
 1285 051a 37000000 		.4byte	0x37
 1286 051e 13       		.byte	0x13
 1287 051f 07       		.uleb128 0x7
 1288 0520 BF050000 		.4byte	.LASF186
 1289 0524 04       		.byte	0x4
 1290 0525 56       		.byte	0x56
 1291 0526 37000000 		.4byte	0x37
 1292 052a 14       		.byte	0x14
 1293 052b 07       		.uleb128 0x7
 1294 052c E00C0000 		.4byte	.LASF187
ARM GAS  C:\Users\AHMEDH~1\AppData\Local\Temp\ccM1MI5H.s 			page 27


 1295 0530 04       		.byte	0x4
 1296 0531 57       		.byte	0x57
 1297 0532 37000000 		.4byte	0x37
 1298 0536 15       		.byte	0x15
 1299 0537 07       		.uleb128 0x7
 1300 0538 00000000 		.4byte	.LASF188
 1301 053c 04       		.byte	0x4
 1302 053d 58       		.byte	0x58
 1303 053e 37000000 		.4byte	0x37
 1304 0542 16       		.byte	0x16
 1305 0543 00       		.byte	0
 1306 0544 08       		.uleb128 0x8
 1307 0545 37000000 		.4byte	0x37
 1308 0549 54050000 		.4byte	0x554
 1309 054d 09       		.uleb128 0x9
 1310 054e 62000000 		.4byte	0x62
 1311 0552 0F       		.byte	0xf
 1312 0553 00       		.byte	0
 1313 0554 0A       		.uleb128 0xa
 1314 0555 6A010000 		.4byte	.LASF196
 1315 0559 01       		.byte	0x1
 1316 055a B9       		.byte	0xb9
 1317 055b 25000000 		.4byte	0x25
 1318 055f 00000000 		.4byte	.LFB0
 1319 0563 18000000 		.4byte	.LFE0-.LFB0
 1320 0567 01       		.uleb128 0x1
 1321 0568 9C       		.byte	0x9c
 1322 0569 7D050000 		.4byte	0x57d
 1323 056d 0B       		.uleb128 0xb
 1324 056e 38030000 		.4byte	.LASF197
 1325 0572 01       		.byte	0x1
 1326 0573 B9       		.byte	0xb9
 1327 0574 37000000 		.4byte	0x37
 1328 0578 00000000 		.4byte	.LLST0
 1329 057c 00       		.byte	0
 1330 057d 08       		.uleb128 0x8
 1331 057e E3040000 		.4byte	0x4e3
 1332 0582 8D050000 		.4byte	0x58d
 1333 0586 09       		.uleb128 0x9
 1334 0587 62000000 		.4byte	0x62
 1335 058b 18       		.byte	0x18
 1336 058c 00       		.byte	0
 1337 058d 0C       		.uleb128 0xc
 1338 058e 58070000 		.4byte	.LASF189
 1339 0592 01       		.byte	0x1
 1340 0593 2A       		.byte	0x2a
 1341 0594 9E050000 		.4byte	0x59e
 1342 0598 05       		.uleb128 0x5
 1343 0599 03       		.byte	0x3
 1344 059a 00000000 		.4byte	KTransBitmap
 1345 059e 0D       		.uleb128 0xd
 1346 059f 7D050000 		.4byte	0x57d
 1347 05a3 08       		.uleb128 0x8
 1348 05a4 37000000 		.4byte	0x37
 1349 05a8 B3050000 		.4byte	0x5b3
 1350 05ac 09       		.uleb128 0x9
 1351 05ad 62000000 		.4byte	0x62
ARM GAS  C:\Users\AHMEDH~1\AppData\Local\Temp\ccM1MI5H.s 			page 28


 1352 05b1 02       		.byte	0x2
 1353 05b2 00       		.byte	0
 1354 05b3 0C       		.uleb128 0xc
 1355 05b4 2E060000 		.4byte	.LASF190
 1356 05b8 01       		.byte	0x1
 1357 05b9 93       		.byte	0x93
 1358 05ba C4050000 		.4byte	0x5c4
 1359 05be 05       		.uleb128 0x5
 1360 05bf 03       		.byte	0x3
 1361 05c0 00000000 		.4byte	KSetlPCode2
 1362 05c4 0D       		.uleb128 0xd
 1363 05c5 A3050000 		.4byte	0x5a3
 1364 05c9 08       		.uleb128 0x8
 1365 05ca 37000000 		.4byte	0x37
 1366 05ce D9050000 		.4byte	0x5d9
 1367 05d2 09       		.uleb128 0x9
 1368 05d3 62000000 		.4byte	0x62
 1369 05d7 18       		.byte	0x18
 1370 05d8 00       		.byte	0
 1371 05d9 0C       		.uleb128 0xc
 1372 05da 39010000 		.4byte	.LASF191
 1373 05de 01       		.byte	0x1
 1374 05df 95       		.byte	0x95
 1375 05e0 EA050000 		.4byte	0x5ea
 1376 05e4 05       		.uleb128 0x5
 1377 05e5 03       		.byte	0x3
 1378 05e6 00000000 		.4byte	KTransHeader
 1379 05ea 0D       		.uleb128 0xd
 1380 05eb C9050000 		.4byte	0x5c9
 1381 05ef 00       		.byte	0
 1382              		.section	.debug_abbrev,"",%progbits
 1383              	.Ldebug_abbrev0:
 1384 0000 01       		.uleb128 0x1
 1385 0001 11       		.uleb128 0x11
 1386 0002 01       		.byte	0x1
 1387 0003 25       		.uleb128 0x25
 1388 0004 0E       		.uleb128 0xe
 1389 0005 13       		.uleb128 0x13
 1390 0006 0B       		.uleb128 0xb
 1391 0007 03       		.uleb128 0x3
 1392 0008 0E       		.uleb128 0xe
 1393 0009 1B       		.uleb128 0x1b
 1394 000a 0E       		.uleb128 0xe
 1395 000b 55       		.uleb128 0x55
 1396 000c 17       		.uleb128 0x17
 1397 000d 11       		.uleb128 0x11
 1398 000e 01       		.uleb128 0x1
 1399 000f 10       		.uleb128 0x10
 1400 0010 17       		.uleb128 0x17
 1401 0011 00       		.byte	0
 1402 0012 00       		.byte	0
 1403 0013 02       		.uleb128 0x2
 1404 0014 16       		.uleb128 0x16
 1405 0015 00       		.byte	0
 1406 0016 03       		.uleb128 0x3
 1407 0017 0E       		.uleb128 0xe
 1408 0018 3A       		.uleb128 0x3a
ARM GAS  C:\Users\AHMEDH~1\AppData\Local\Temp\ccM1MI5H.s 			page 29


 1409 0019 0B       		.uleb128 0xb
 1410 001a 3B       		.uleb128 0x3b
 1411 001b 0B       		.uleb128 0xb
 1412 001c 49       		.uleb128 0x49
 1413 001d 13       		.uleb128 0x13
 1414 001e 00       		.byte	0
 1415 001f 00       		.byte	0
 1416 0020 03       		.uleb128 0x3
 1417 0021 24       		.uleb128 0x24
 1418 0022 00       		.byte	0
 1419 0023 0B       		.uleb128 0xb
 1420 0024 0B       		.uleb128 0xb
 1421 0025 3E       		.uleb128 0x3e
 1422 0026 0B       		.uleb128 0xb
 1423 0027 03       		.uleb128 0x3
 1424 0028 0E       		.uleb128 0xe
 1425 0029 00       		.byte	0
 1426 002a 00       		.byte	0
 1427 002b 04       		.uleb128 0x4
 1428 002c 04       		.uleb128 0x4
 1429 002d 01       		.byte	0x1
 1430 002e 0B       		.uleb128 0xb
 1431 002f 0B       		.uleb128 0xb
 1432 0030 3A       		.uleb128 0x3a
 1433 0031 0B       		.uleb128 0xb
 1434 0032 3B       		.uleb128 0x3b
 1435 0033 0B       		.uleb128 0xb
 1436 0034 01       		.uleb128 0x1
 1437 0035 13       		.uleb128 0x13
 1438 0036 00       		.byte	0
 1439 0037 00       		.byte	0
 1440 0038 05       		.uleb128 0x5
 1441 0039 28       		.uleb128 0x28
 1442 003a 00       		.byte	0
 1443 003b 03       		.uleb128 0x3
 1444 003c 0E       		.uleb128 0xe
 1445 003d 1C       		.uleb128 0x1c
 1446 003e 0D       		.uleb128 0xd
 1447 003f 00       		.byte	0
 1448 0040 00       		.byte	0
 1449 0041 06       		.uleb128 0x6
 1450 0042 13       		.uleb128 0x13
 1451 0043 01       		.byte	0x1
 1452 0044 03       		.uleb128 0x3
 1453 0045 0E       		.uleb128 0xe
 1454 0046 0B       		.uleb128 0xb
 1455 0047 0B       		.uleb128 0xb
 1456 0048 3A       		.uleb128 0x3a
 1457 0049 0B       		.uleb128 0xb
 1458 004a 3B       		.uleb128 0x3b
 1459 004b 0B       		.uleb128 0xb
 1460 004c 01       		.uleb128 0x1
 1461 004d 13       		.uleb128 0x13
 1462 004e 00       		.byte	0
 1463 004f 00       		.byte	0
 1464 0050 07       		.uleb128 0x7
 1465 0051 0D       		.uleb128 0xd
ARM GAS  C:\Users\AHMEDH~1\AppData\Local\Temp\ccM1MI5H.s 			page 30


 1466 0052 00       		.byte	0
 1467 0053 03       		.uleb128 0x3
 1468 0054 0E       		.uleb128 0xe
 1469 0055 3A       		.uleb128 0x3a
 1470 0056 0B       		.uleb128 0xb
 1471 0057 3B       		.uleb128 0x3b
 1472 0058 0B       		.uleb128 0xb
 1473 0059 49       		.uleb128 0x49
 1474 005a 13       		.uleb128 0x13
 1475 005b 38       		.uleb128 0x38
 1476 005c 0B       		.uleb128 0xb
 1477 005d 00       		.byte	0
 1478 005e 00       		.byte	0
 1479 005f 08       		.uleb128 0x8
 1480 0060 01       		.uleb128 0x1
 1481 0061 01       		.byte	0x1
 1482 0062 49       		.uleb128 0x49
 1483 0063 13       		.uleb128 0x13
 1484 0064 01       		.uleb128 0x1
 1485 0065 13       		.uleb128 0x13
 1486 0066 00       		.byte	0
 1487 0067 00       		.byte	0
 1488 0068 09       		.uleb128 0x9
 1489 0069 21       		.uleb128 0x21
 1490 006a 00       		.byte	0
 1491 006b 49       		.uleb128 0x49
 1492 006c 13       		.uleb128 0x13
 1493 006d 2F       		.uleb128 0x2f
 1494 006e 0B       		.uleb128 0xb
 1495 006f 00       		.byte	0
 1496 0070 00       		.byte	0
 1497 0071 0A       		.uleb128 0xa
 1498 0072 2E       		.uleb128 0x2e
 1499 0073 01       		.byte	0x1
 1500 0074 3F       		.uleb128 0x3f
 1501 0075 19       		.uleb128 0x19
 1502 0076 03       		.uleb128 0x3
 1503 0077 0E       		.uleb128 0xe
 1504 0078 3A       		.uleb128 0x3a
 1505 0079 0B       		.uleb128 0xb
 1506 007a 3B       		.uleb128 0x3b
 1507 007b 0B       		.uleb128 0xb
 1508 007c 27       		.uleb128 0x27
 1509 007d 19       		.uleb128 0x19
 1510 007e 49       		.uleb128 0x49
 1511 007f 13       		.uleb128 0x13
 1512 0080 11       		.uleb128 0x11
 1513 0081 01       		.uleb128 0x1
 1514 0082 12       		.uleb128 0x12
 1515 0083 06       		.uleb128 0x6
 1516 0084 40       		.uleb128 0x40
 1517 0085 18       		.uleb128 0x18
 1518 0086 9742     		.uleb128 0x2117
 1519 0088 19       		.uleb128 0x19
 1520 0089 01       		.uleb128 0x1
 1521 008a 13       		.uleb128 0x13
 1522 008b 00       		.byte	0
ARM GAS  C:\Users\AHMEDH~1\AppData\Local\Temp\ccM1MI5H.s 			page 31


 1523 008c 00       		.byte	0
 1524 008d 0B       		.uleb128 0xb
 1525 008e 05       		.uleb128 0x5
 1526 008f 00       		.byte	0
 1527 0090 03       		.uleb128 0x3
 1528 0091 0E       		.uleb128 0xe
 1529 0092 3A       		.uleb128 0x3a
 1530 0093 0B       		.uleb128 0xb
 1531 0094 3B       		.uleb128 0x3b
 1532 0095 0B       		.uleb128 0xb
 1533 0096 49       		.uleb128 0x49
 1534 0097 13       		.uleb128 0x13
 1535 0098 02       		.uleb128 0x2
 1536 0099 17       		.uleb128 0x17
 1537 009a 00       		.byte	0
 1538 009b 00       		.byte	0
 1539 009c 0C       		.uleb128 0xc
 1540 009d 34       		.uleb128 0x34
 1541 009e 00       		.byte	0
 1542 009f 03       		.uleb128 0x3
 1543 00a0 0E       		.uleb128 0xe
 1544 00a1 3A       		.uleb128 0x3a
 1545 00a2 0B       		.uleb128 0xb
 1546 00a3 3B       		.uleb128 0x3b
 1547 00a4 0B       		.uleb128 0xb
 1548 00a5 49       		.uleb128 0x49
 1549 00a6 13       		.uleb128 0x13
 1550 00a7 3F       		.uleb128 0x3f
 1551 00a8 19       		.uleb128 0x19
 1552 00a9 02       		.uleb128 0x2
 1553 00aa 18       		.uleb128 0x18
 1554 00ab 00       		.byte	0
 1555 00ac 00       		.byte	0
 1556 00ad 0D       		.uleb128 0xd
 1557 00ae 26       		.uleb128 0x26
 1558 00af 00       		.byte	0
 1559 00b0 49       		.uleb128 0x49
 1560 00b1 13       		.uleb128 0x13
 1561 00b2 00       		.byte	0
 1562 00b3 00       		.byte	0
 1563 00b4 00       		.byte	0
 1564              		.section	.debug_loc,"",%progbits
 1565              	.Ldebug_loc0:
 1566              	.LLST0:
 1567 0000 00000000 		.4byte	.LVL0
 1568 0004 08000000 		.4byte	.LVL1
 1569 0008 0100     		.2byte	0x1
 1570 000a 50       		.byte	0x50
 1571 000b 08000000 		.4byte	.LVL1
 1572 000f 18000000 		.4byte	.LFE0
 1573 0013 0400     		.2byte	0x4
 1574 0015 F3       		.byte	0xf3
 1575 0016 01       		.uleb128 0x1
 1576 0017 50       		.byte	0x50
 1577 0018 9F       		.byte	0x9f
 1578 0019 00000000 		.4byte	0
 1579 001d 00000000 		.4byte	0
ARM GAS  C:\Users\AHMEDH~1\AppData\Local\Temp\ccM1MI5H.s 			page 32


 1580              		.section	.debug_aranges,"",%progbits
 1581 0000 1C000000 		.4byte	0x1c
 1582 0004 0200     		.2byte	0x2
 1583 0006 00000000 		.4byte	.Ldebug_info0
 1584 000a 04       		.byte	0x4
 1585 000b 00       		.byte	0
 1586 000c 0000     		.2byte	0
 1587 000e 0000     		.2byte	0
 1588 0010 00000000 		.4byte	.LFB0
 1589 0014 18000000 		.4byte	.LFE0-.LFB0
 1590 0018 00000000 		.4byte	0
 1591 001c 00000000 		.4byte	0
 1592              		.section	.debug_ranges,"",%progbits
 1593              	.Ldebug_ranges0:
 1594 0000 00000000 		.4byte	.LFB0
 1595 0004 18000000 		.4byte	.LFE0
 1596 0008 00000000 		.4byte	0
 1597 000c 00000000 		.4byte	0
 1598              		.section	.debug_line,"",%progbits
 1599              	.Ldebug_line0:
 1600 0000 72000000 		.section	.debug_str,"MS",%progbits,1
 1600      02005A00 
 1600      00000201 
 1600      FB0E0D00 
 1600      01010101 
 1601              	.LASF188:
 1602 0000 625F7374 		.ascii	"b_status\000"
 1602      61747573 
 1602      00
 1603              	.LASF167:
 1604 0009 5452414E 		.ascii	"TRANS_UPLOAD\000"
 1604      535F5550 
 1604      4C4F4144 
 1604      00
 1605              	.LASF136:
 1606 0016 4544435F 		.ascii	"EDC_SE_BUS_DATE\000"
 1606      53455F42 
 1606      55535F44 
 1606      41544500 
 1607              	.LASF12:
 1608 0026 4544435F 		.ascii	"EDC_CN_AUTH\000"
 1608      434E5F41 
 1608      55544800 
 1609              	.LASF20:
 1610 0032 4544435F 		.ascii	"EDC_CN_SETTLE\000"
 1610      434E5F53 
 1610      4554544C 
 1610      4500
 1611              	.LASF74:
 1612 0040 4544435F 		.ascii	"EDC_PN_PLS_WAIT\000"
 1612      504E5F50 
 1612      4C535F57 
 1612      41495400 
 1613              	.LASF81:
 1614 0050 4544435F 		.ascii	"EDC_RSP_NOT_HONOUR\000"
 1614      5253505F 
 1614      4E4F545F 
ARM GAS  C:\Users\AHMEDH~1\AppData\Local\Temp\ccM1MI5H.s 			page 33


 1614      484F4E4F 
 1614      555200
 1615              	.LASF100:
 1616 0063 4544435F 		.ascii	"EDC_RSP_BAD_BATCH_NO\000"
 1616      5253505F 
 1616      4241445F 
 1616      42415443 
 1616      485F4E4F 
 1617              	.LASF49:
 1618 0078 4544435F 		.ascii	"EDC_AJ_BASE_AMT\000"
 1618      414A5F42 
 1618      4153455F 
 1618      414D5400 
 1619              	.LASF87:
 1620 0088 4544435F 		.ascii	"EDC_RSP_INVALID_TERM\000"
 1620      5253505F 
 1620      494E5641 
 1620      4C49445F 
 1620      5445524D 
 1621              	.LASF176:
 1622 009d 41555448 		.ascii	"AUTH_CTL\000"
 1622      5F43544C 
 1622      00
 1623              	.LASF154:
 1624 00a6 4544435F 		.ascii	"EDC_MSG_END\000"
 1624      4D53475F 
 1624      454E4400 
 1625              	.LASF10:
 1626 00b2 4544435F 		.ascii	"EDC_CO_REMOVE_ICC\000"
 1626      434F5F52 
 1626      454D4F56 
 1626      455F4943 
 1626      4300
 1627              	.LASF6:
 1628 00c4 6C6F6E67 		.ascii	"long long unsigned int\000"
 1628      206C6F6E 
 1628      6720756E 
 1628      7369676E 
 1628      65642069 
 1629              	.LASF16:
 1630 00db 4544435F 		.ascii	"EDC_CN_SALE_COMP\000"
 1630      434E5F53 
 1630      414C455F 
 1630      434F4D50 
 1630      00
 1631              	.LASF63:
 1632 00ec 4544435F 		.ascii	"EDC_FN_NO_REV\000"
 1632      464E5F4E 
 1632      4F5F5245 
 1632      5600
 1633              	.LASF113:
 1634 00fa 4544435F 		.ascii	"EDC_RSP_CTL_REFER_MOBILE\000"
 1634      5253505F 
 1634      43544C5F 
 1634      52454645 
 1634      525F4D4F 
 1635              	.LASF140:
ARM GAS  C:\Users\AHMEDH~1\AppData\Local\Temp\ccM1MI5H.s 			page 34


 1636 0113 4544435F 		.ascii	"EDC_SE_TOTAL_WRONG\000"
 1636      53455F54 
 1636      4F54414C 
 1636      5F57524F 
 1636      4E4700
 1637              	.LASF114:
 1638 0126 4544435F 		.ascii	"EDC_RSP_TXN_CANCEL\000"
 1638      5253505F 
 1638      54584E5F 
 1638      43414E43 
 1638      454C00
 1639              	.LASF191:
 1640 0139 4B547261 		.ascii	"KTransHeader\000"
 1640      6E734865 
 1640      61646572 
 1640      00
 1641              	.LASF128:
 1642 0146 4544435F 		.ascii	"EDC_RSP_SYS_ERROR\000"
 1642      5253505F 
 1642      5359535F 
 1642      4552524F 
 1642      5200
 1643              	.LASF35:
 1644 0158 4544435F 		.ascii	"EDC_IN_INV_EXPIRE\000"
 1644      494E5F49 
 1644      4E565F45 
 1644      58504952 
 1644      4500
 1645              	.LASF196:
 1646 016a 53616C65 		.ascii	"SaleType\000"
 1646      54797065 
 1646      00
 1647              	.LASF91:
 1648 0173 4544435F 		.ascii	"EDC_RSP_CALL_CC\000"
 1648      5253505F 
 1648      43414C4C 
 1648      5F434300 
 1649              	.LASF23:
 1650 0183 4544435F 		.ascii	"EDC_CN_SETT_ADV\000"
 1650      434E5F53 
 1650      4554545F 
 1650      41445600 
 1651              	.LASF158:
 1652 0193 53414C45 		.ascii	"SALE_MANUAL\000"
 1652      5F4D414E 
 1652      55414C00 
 1653              	.LASF15:
 1654 019f 4544435F 		.ascii	"EDC_CN_OFFLINE\000"
 1654      434E5F4F 
 1654      46464C49 
 1654      4E4500
 1655              	.LASF76:
 1656 01ae 4544435F 		.ascii	"EDC_RSP_COMPLETED\000"
 1656      5253505F 
 1656      434F4D50 
 1656      4C455445 
 1656      4400
ARM GAS  C:\Users\AHMEDH~1\AppData\Local\Temp\ccM1MI5H.s 			page 35


 1657              	.LASF173:
 1658 01c0 4553414C 		.ascii	"ESALE_UNDER_LMT\000"
 1658      455F554E 
 1658      4445525F 
 1658      4C4D5400 
 1659              	.LASF95:
 1660 01d0 4544435F 		.ascii	"EDC_RSP_INV_SERVICE\000"
 1660      5253505F 
 1660      494E565F 
 1660      53455256 
 1660      49434500 
 1661              	.LASF192:
 1662 01e4 474E5520 		.ascii	"GNU C 4.9.3 20141119 (release) [ARM/embedded-4_9-br"
 1662      4320342E 
 1662      392E3320 
 1662      32303134 
 1662      31313139 
 1663 0217 616E6368 		.ascii	"anch revision 218278] -mthumb -mcpu=cortex-a5 -mthu"
 1663      20726576 
 1663      6973696F 
 1663      6E203231 
 1663      38323738 
 1664 024a 6D622D69 		.ascii	"mb-interwork -mstructure-size-boundary=32 -mno-unal"
 1664      6E746572 
 1664      776F726B 
 1664      202D6D73 
 1664      74727563 
 1665 027d 69676E65 		.ascii	"igned-access -g -Os -ffunction-sections -fsigned-ch"
 1665      642D6163 
 1665      63657373 
 1665      202D6720 
 1665      2D4F7320 
 1666 02b0 617200   		.ascii	"ar\000"
 1667              	.LASF52:
 1668 02b3 4544435F 		.ascii	"EDC_AJ_TXN_VOIDED\000"
 1668      414A5F54 
 1668      584E5F56 
 1668      4F494445 
 1668      4400
 1669              	.LASF111:
 1670 02c5 4544435F 		.ascii	"EDC_RSP_CTL_DDA\000"
 1670      5253505F 
 1670      43544C5F 
 1670      44444100 
 1671              	.LASF142:
 1672 02d5 4544435F 		.ascii	"EDC_SE_ENTER_REF_TOTAL\000"
 1672      53455F45 
 1672      4E544552 
 1672      5F524546 
 1672      5F544F54 
 1673              	.LASF178:
 1674 02ec 54455354 		.ascii	"TEST_MSG\000"
 1674      5F4D5347 
 1674      00
 1675              	.LASF61:
 1676 02f5 4544435F 		.ascii	"EDC_FN_CLR_BATCH\000"
 1676      464E5F43 
ARM GAS  C:\Users\AHMEDH~1\AppData\Local\Temp\ccM1MI5H.s 			page 36


 1676      4C525F42 
 1676      41544348 
 1676      00
 1677              	.LASF138:
 1678 0306 4544435F 		.ascii	"EDC_SE_SALE_TOTAL\000"
 1678      53455F53 
 1678      414C455F 
 1678      544F5441 
 1678      4C00
 1679              	.LASF33:
 1680 0318 4544435F 		.ascii	"EDC_IN_TOTAL_PROMPT\000"
 1680      494E5F54 
 1680      4F54414C 
 1680      5F50524F 
 1680      4D505400 
 1681              	.LASF38:
 1682 032c 4544435F 		.ascii	"EDC_IN_4DBC\000"
 1682      494E5F34 
 1682      44424300 
 1683              	.LASF197:
 1684 0338 61547261 		.ascii	"aTrans\000"
 1684      6E7300
 1685              	.LASF26:
 1686 033f 4544435F 		.ascii	"EDC_IN_SWIPE_CARD\000"
 1686      494E5F53 
 1686      57495045 
 1686      5F434152 
 1686      4400
 1687              	.LASF34:
 1688 0351 4544435F 		.ascii	"EDC_IN_EXPIRY_DATE\000"
 1688      494E5F45 
 1688      58504952 
 1688      595F4441 
 1688      544500
 1689              	.LASF98:
 1690 0364 4544435F 		.ascii	"EDC_RSP_TOT_MISMATCH\000"
 1690      5253505F 
 1690      544F545F 
 1690      4D49534D 
 1690      41544348 
 1691              	.LASF169:
 1692 0379 4544435F 		.ascii	"EDC_REV\000"
 1692      52455600 
 1693              	.LASF29:
 1694 0381 4544435F 		.ascii	"EDC_IN_BASE_AMT\000"
 1694      494E5F42 
 1694      4153455F 
 1694      414D5400 
 1695              	.LASF130:
 1696 0391 4544435F 		.ascii	"EDC_RSP_TRY_AGAING_TO\000"
 1696      5253505F 
 1696      5452595F 
 1696      41474149 
 1696      4E475F54 
 1697              	.LASF48:
 1698 03a7 4544435F 		.ascii	"EDC_AJ_ENTER_NTIP\000"
 1698      414A5F45 
ARM GAS  C:\Users\AHMEDH~1\AppData\Local\Temp\ccM1MI5H.s 			page 37


 1698      4E544552 
 1698      5F4E5449 
 1698      5000
 1699              	.LASF40:
 1700 03b9 4544435F 		.ascii	"EDC_IN_TRACE\000"
 1700      494E5F54 
 1700      52414345 
 1700      00
 1701              	.LASF8:
 1702 03c6 4544435F 		.ascii	"EDC_CO_SWIPE_INS\000"
 1702      434F5F53 
 1702      57495045 
 1702      5F494E53 
 1702      00
 1703              	.LASF11:
 1704 03d7 4544435F 		.ascii	"EDC_CO_PROCESSING\000"
 1704      434F5F50 
 1704      524F4345 
 1704      5353494E 
 1704      4700
 1705              	.LASF1:
 1706 03e9 42595445 		.ascii	"BYTE\000"
 1706      00
 1707              	.LASF67:
 1708 03ee 4544435F 		.ascii	"EDC_FN_REPRINT_BATCH\000"
 1708      464E5F52 
 1708      45505249 
 1708      4E545F42 
 1708      41544348 
 1709              	.LASF115:
 1710 0403 4544435F 		.ascii	"EDC_RSP_DATA_ERROR\000"
 1710      5253505F 
 1710      44415441 
 1710      5F455252 
 1710      4F5200
 1711              	.LASF150:
 1712 0416 4544435F 		.ascii	"EDC_CTL_TAP_CARD\000"
 1712      43544C5F 
 1712      5441505F 
 1712      43415244 
 1712      00
 1713              	.LASF44:
 1714 0427 4544435F 		.ascii	"EDC_TU_CLOSE_BATCH\000"
 1714      54555F43 
 1714      4C4F5345 
 1714      5F424154 
 1714      434800
 1715              	.LASF75:
 1716 043a 4544435F 		.ascii	"EDC_PN_LOW_BATT\000"
 1716      504E5F4C 
 1716      4F575F42 
 1716      41545400 
 1717              	.LASF5:
 1718 044a 756E7369 		.ascii	"unsigned int\000"
 1718      676E6564 
 1718      20696E74 
 1718      00
ARM GAS  C:\Users\AHMEDH~1\AppData\Local\Temp\ccM1MI5H.s 			page 38


 1719              	.LASF90:
 1720 0457 4544435F 		.ascii	"EDC_RSP_CALL_LC\000"
 1720      5253505F 
 1720      43414C4C 
 1720      5F4C4300 
 1721              	.LASF17:
 1722 0467 4544435F 		.ascii	"EDC_CN_VOID\000"
 1722      434E5F56 
 1722      4F494400 
 1723              	.LASF149:
 1724 0473 4544435F 		.ascii	"EDC_CTL_PREPROCESS_ERR\000"
 1724      43544C5F 
 1724      50524550 
 1724      524F4345 
 1724      53535F45 
 1725              	.LASF89:
 1726 048a 4544435F 		.ascii	"EDC_RSP_UNKNOWN_CARD\000"
 1726      5253505F 
 1726      554E4B4E 
 1726      4F574E5F 
 1726      43415244 
 1727              	.LASF96:
 1728 049f 4544435F 		.ascii	"EDC_RSP_CONTACT_ACQ\000"
 1728      5253505F 
 1728      434F4E54 
 1728      4143545F 
 1728      41435100 
 1729              	.LASF86:
 1730 04b3 4544435F 		.ascii	"EDC_RSP_RETRY\000"
 1730      5253505F 
 1730      52455452 
 1730      5900
 1731              	.LASF21:
 1732 04c1 4544435F 		.ascii	"EDC_CN_REVERSAL\000"
 1732      434E5F52 
 1732      45564552 
 1732      53414C00 
 1733              	.LASF51:
 1734 04d1 4544435F 		.ascii	"EDC_AJ_OVERLIMIT\000"
 1734      414A5F4F 
 1734      5645524C 
 1734      494D4954 
 1734      00
 1735              	.LASF82:
 1736 04e2 4544435F 		.ascii	"EDC_RSP_APPV_ID\000"
 1736      5253505F 
 1736      41505056 
 1736      5F494400 
 1737              	.LASF144:
 1738 04f2 4544435F 		.ascii	"EDC_EMV_PROCESSING\000"
 1738      454D565F 
 1738      50524F43 
 1738      45535349 
 1738      4E4700
 1739              	.LASF166:
 1740 0505 41444A55 		.ascii	"ADJUST\000"
 1740      535400
ARM GAS  C:\Users\AHMEDH~1\AppData\Local\Temp\ccM1MI5H.s 			page 39


 1741              	.LASF79:
 1742 050c 4544435F 		.ascii	"EDC_RSP_INVALID_MERCH\000"
 1742      5253505F 
 1742      494E5641 
 1742      4C49445F 
 1742      4D455243 
 1743              	.LASF160:
 1744 0522 4F4E4C5F 		.ascii	"ONL_REFUND_MNL\000"
 1744      52454655 
 1744      4E445F4D 
 1744      4E4C00
 1745              	.LASF147:
 1746 0531 4544435F 		.ascii	"EDC_CTL_FATAL\000"
 1746      43544C5F 
 1746      46415441 
 1746      4C00
 1747              	.LASF57:
 1748 053f 4544435F 		.ascii	"EDC_FN_START_BATCH\000"
 1748      464E5F53 
 1748      54415254 
 1748      5F424154 
 1748      434800
 1749              	.LASF183:
 1750 0552 73625F74 		.ascii	"sb_txbitmap\000"
 1750      78626974 
 1750      6D617000 
 1751              	.LASF4:
 1752 055e 73686F72 		.ascii	"short unsigned int\000"
 1752      7420756E 
 1752      7369676E 
 1752      65642069 
 1752      6E7400
 1753              	.LASF195:
 1754 0571 5452414E 		.ascii	"TRANS_BITMAP\000"
 1754      535F4249 
 1754      544D4150 
 1754      00
 1755              	.LASF137:
 1756 057e 4544435F 		.ascii	"EDC_SE_NO_BATCH\000"
 1756      53455F4E 
 1756      4F5F4241 
 1756      54434800 
 1757              	.LASF41:
 1758 058e 4544435F 		.ascii	"EDC_IN_ECRREF\000"
 1758      494E5F45 
 1758      43525245 
 1758      4600
 1759              	.LASF37:
 1760 059c 4544435F 		.ascii	"EDC_IN_ENTER_DESC\000"
 1760      494E5F45 
 1760      4E544552 
 1760      5F444553 
 1760      4300
 1761              	.LASF78:
 1762 05ae 4544435F 		.ascii	"EDC_RSP_REFERRAL\000"
 1762      5253505F 
 1762      52454645 
ARM GAS  C:\Users\AHMEDH~1\AppData\Local\Temp\ccM1MI5H.s 			page 40


 1762      5252414C 
 1762      00
 1763              	.LASF186:
 1764 05bf 625F7479 		.ascii	"b_type\000"
 1764      706500
 1765              	.LASF172:
 1766 05c6 52454655 		.ascii	"REFUND_ICC\000"
 1766      4E445F49 
 1766      434300
 1767              	.LASF83:
 1768 05d1 4544435F 		.ascii	"EDC_RSP_BAD_PROC\000"
 1768      5253505F 
 1768      4241445F 
 1768      50524F43 
 1768      00
 1769              	.LASF97:
 1770 05e2 4544435F 		.ascii	"EDC_RSP_BAD_PROD\000"
 1770      5253505F 
 1770      4241445F 
 1770      50524F44 
 1770      00
 1771              	.LASF43:
 1772 05f3 4544435F 		.ascii	"EDC_TU_NOT_ALLOW\000"
 1772      54555F4E 
 1772      4F545F41 
 1772      4C4C4F57 
 1772      00
 1773              	.LASF151:
 1774 0604 4544435F 		.ascii	"EDC_CTL_AMT_EXCEED\000"
 1774      43544C5F 
 1774      414D545F 
 1774      45584345 
 1774      454400
 1775              	.LASF105:
 1776 0617 4544435F 		.ascii	"EDC_RSP_DUP_TRACE\000"
 1776      5253505F 
 1776      4455505F 
 1776      54524143 
 1776      4500
 1777              	.LASF165:
 1778 0629 564F4944 		.ascii	"VOID\000"
 1778      00
 1779              	.LASF190:
 1780 062e 4B536574 		.ascii	"KSetlPCode2\000"
 1780      6C50436F 
 1780      64653200 
 1781              	.LASF80:
 1782 063a 4544435F 		.ascii	"EDC_RSP_PICKUP_CARD\000"
 1782      5253505F 
 1782      5049434B 
 1782      55505F43 
 1782      41524400 
 1783              	.LASF99:
 1784 064e 4544435F 		.ascii	"EDC_RSP_ROC_NOT_FOUND\000"
 1784      5253505F 
 1784      524F435F 
 1784      4E4F545F 
ARM GAS  C:\Users\AHMEDH~1\AppData\Local\Temp\ccM1MI5H.s 			page 41


 1784      464F554E 
 1785              	.LASF65:
 1786 0664 4544435F 		.ascii	"EDC_FN_REV_CLEAR\000"
 1786      464E5F52 
 1786      45565F43 
 1786      4C454152 
 1786      00
 1787              	.LASF155:
 1788 0675 41555448 		.ascii	"AUTH_SWIPE\000"
 1788      5F535749 
 1788      504500
 1789              	.LASF164:
 1790 0680 53414C45 		.ascii	"SALE_UNDER_LMT\000"
 1790      5F554E44 
 1790      45525F4C 
 1790      4D5400
 1791              	.LASF22:
 1792 068f 4544435F 		.ascii	"EDC_CN_TEST_MSG\000"
 1792      434E5F54 
 1792      4553545F 
 1792      4D534700 
 1793              	.LASF7:
 1794 069f 73697A65 		.ascii	"sizetype\000"
 1794      74797065 
 1794      00
 1795              	.LASF53:
 1796 06a8 4544435F 		.ascii	"EDC_AJ_CLOSE_BATCH\000"
 1796      414A5F43 
 1796      4C4F5345 
 1796      5F424154 
 1796      434800
 1797              	.LASF14:
 1798 06bb 4544435F 		.ascii	"EDC_CN_REFUND\000"
 1798      434E5F52 
 1798      4546554E 
 1798      4400
 1799              	.LASF170:
 1800 06c9 53414C45 		.ascii	"SALE_ICC\000"
 1800      5F494343 
 1800      00
 1801              	.LASF145:
 1802 06d2 4544435F 		.ascii	"EDC_EMV_SEL_APP\000"
 1802      454D565F 
 1802      53454C5F 
 1802      41505000 
 1803              	.LASF163:
 1804 06e2 53414C45 		.ascii	"SALE_COMPLETE\000"
 1804      5F434F4D 
 1804      504C4554 
 1804      4500
 1805              	.LASF2:
 1806 06f0 574F5244 		.ascii	"WORD\000"
 1806      00
 1807              	.LASF157:
 1808 06f5 53414C45 		.ascii	"SALE_SWIPE\000"
 1808      5F535749 
 1808      504500
ARM GAS  C:\Users\AHMEDH~1\AppData\Local\Temp\ccM1MI5H.s 			page 42


 1809              	.LASF129:
 1810 0700 4544435F 		.ascii	"EDC_RSP_RSP_TXN_ACP\000"
 1810      5253505F 
 1810      5253505F 
 1810      54584E5F 
 1810      41435000 
 1811              	.LASF18:
 1812 0714 4544435F 		.ascii	"EDC_CN_ADJUST\000"
 1812      434E5F41 
 1812      444A5553 
 1812      5400
 1813              	.LASF31:
 1814 0722 4544435F 		.ascii	"EDC_IN_ENTER_TIPS\000"
 1814      494E5F45 
 1814      4E544552 
 1814      5F544950 
 1814      5300
 1815              	.LASF46:
 1816 0734 4544435F 		.ascii	"EDC_AJ_NOT_ALLOW\000"
 1816      414A5F4E 
 1816      4F545F41 
 1816      4C4C4F57 
 1816      00
 1817              	.LASF88:
 1818 0745 4544435F 		.ascii	"EDC_RSP_EDIT_ERROR\000"
 1818      5253505F 
 1818      45444954 
 1818      5F455252 
 1818      4F5200
 1819              	.LASF189:
 1820 0758 4B547261 		.ascii	"KTransBitmap\000"
 1820      6E734269 
 1820      746D6170 
 1820      00
 1821              	.LASF13:
 1822 0765 4544435F 		.ascii	"EDC_CN_SALE\000"
 1822      434E5F53 
 1822      414C4500 
 1823              	.LASF71:
 1824 0771 4544435F 		.ascii	"EDC_PN_HIGHTEMP\000"
 1824      504E5F48 
 1824      49474854 
 1824      454D5000 
 1825              	.LASF72:
 1826 0781 4544435F 		.ascii	"EDC_PN_NO_PAPER\000"
 1826      504E5F4E 
 1826      4F5F5041 
 1826      50455200 
 1827              	.LASF47:
 1828 0791 4544435F 		.ascii	"EDC_AJ_ENTER_NAMT\000"
 1828      414A5F45 
 1828      4E544552 
 1828      5F4E414D 
 1828      5400
 1829              	.LASF32:
 1830 07a3 4544435F 		.ascii	"EDC_IN_INV_TIPS\000"
 1830      494E5F49 
ARM GAS  C:\Users\AHMEDH~1\AppData\Local\Temp\ccM1MI5H.s 			page 43


 1830      4E565F54 
 1830      49505300 
 1831              	.LASF132:
 1832 07b3 4544435F 		.ascii	"EDC_RSP_UNSUPPORT_CARD\000"
 1832      5253505F 
 1832      554E5355 
 1832      50504F52 
 1832      545F4341 
 1833              	.LASF84:
 1834 07ca 4544435F 		.ascii	"EDC_RSP_BAD_AMOUNT\000"
 1834      5253505F 
 1834      4241445F 
 1834      414D4F55 
 1834      4E5400
 1835              	.LASF94:
 1836 07dd 4544435F 		.ascii	"EDC_RSP_PIN_ERROR\000"
 1836      5253505F 
 1836      50494E5F 
 1836      4552524F 
 1836      5200
 1837              	.LASF93:
 1838 07ef 4544435F 		.ascii	"EDC_RSP_CARD_EXPIRED\000"
 1838      5253505F 
 1838      43415244 
 1838      5F455850 
 1838      49524544 
 1839              	.LASF62:
 1840 0804 4544435F 		.ascii	"EDC_FN_BATCH_ERASE\000"
 1840      464E5F42 
 1840      41544348 
 1840      5F455241 
 1840      534500
 1841              	.LASF133:
 1842 0817 4544435F 		.ascii	"EDC_RSP_INVALID_CARD\000"
 1842      5253505F 
 1842      494E5641 
 1842      4C49445F 
 1842      43415244 
 1843              	.LASF161:
 1844 082c 52454655 		.ascii	"REFUND\000"
 1844      4E4400
 1845              	.LASF36:
 1846 0833 4544435F 		.ascii	"EDC_IN_CARD_EXPIRED\000"
 1846      494E5F43 
 1846      4152445F 
 1846      45585049 
 1846      52454400 
 1847              	.LASF60:
 1848 0847 4544435F 		.ascii	"EDC_FN_CARD_REC\000"
 1848      464E5F43 
 1848      4152445F 
 1848      52454300 
 1849              	.LASF181:
 1850 0857 44454641 		.ascii	"DEFAULT_TRANS\000"
 1850      554C545F 
 1850      5452414E 
 1850      5300
ARM GAS  C:\Users\AHMEDH~1\AppData\Local\Temp\ccM1MI5H.s 			page 44


 1851              	.LASF123:
 1852 0865 4544435F 		.ascii	"EDC_RSP_LINE_OCCUP\000"
 1852      5253505F 
 1852      4C494E45 
 1852      5F4F4343 
 1852      555000
 1853              	.LASF3:
 1854 0878 756E7369 		.ascii	"unsigned char\000"
 1854      676E6564 
 1854      20636861 
 1854      7200
 1855              	.LASF109:
 1856 0886 4544435F 		.ascii	"EDC_RSP_LOW_BATT\000"
 1856      5253505F 
 1856      4C4F575F 
 1856      42415454 
 1856      00
 1857              	.LASF39:
 1858 0897 4544435F 		.ascii	"EDC_IN_INVALID_CARD\000"
 1858      494E5F49 
 1858      4E56414C 
 1858      49445F43 
 1858      41524400 
 1859              	.LASF108:
 1860 08ab 4544435F 		.ascii	"EDC_RSP_APP_CODE\000"
 1860      5253505F 
 1860      4150505F 
 1860      434F4445 
 1860      00
 1861              	.LASF66:
 1862 08bc 4544435F 		.ascii	"EDC_FN_DISP_BATCH\000"
 1862      464E5F44 
 1862      4953505F 
 1862      42415443 
 1862      4800
 1863              	.LASF116:
 1864 08ce 4544435F 		.ascii	"EDC_RSP_TRY_AGAIN_NC\000"
 1864      5253505F 
 1864      5452595F 
 1864      41474149 
 1864      4E5F4E43 
 1865              	.LASF127:
 1866 08e3 4544435F 		.ascii	"EDC_RSP_SWIPT_AE\000"
 1866      5253505F 
 1866      53574950 
 1866      545F4145 
 1866      00
 1867              	.LASF194:
 1868 08f4 433A5C47 		.ascii	"C:\\Git\\S_MISR\\APP\\MISR\000"
 1868      69745C53 
 1868      5F4D4953 
 1868      525C4150 
 1868      505C4D49 
 1869              	.LASF0:
 1870 090b 424F4F4C 		.ascii	"BOOLEAN\000"
 1870      45414E00 
 1871              	.LASF58:
ARM GAS  C:\Users\AHMEDH~1\AppData\Local\Temp\ccM1MI5H.s 			page 45


 1872 0913 4544435F 		.ascii	"EDC_FN_END_BATCH\000"
 1872      464E5F45 
 1872      4E445F42 
 1872      41544348 
 1872      00
 1873              	.LASF73:
 1874 0924 4544435F 		.ascii	"EDC_PN_PLS_REPRINT\000"
 1874      504E5F50 
 1874      4C535F52 
 1874      45505249 
 1874      4E5400
 1875              	.LASF168:
 1876 0937 53455454 		.ascii	"SETTLEMENT\000"
 1876      4C454D45 
 1876      4E5400
 1877              	.LASF64:
 1878 0942 4544435F 		.ascii	"EDC_FN_CLR_REV\000"
 1878      464E5F43 
 1878      4C525F52 
 1878      455600
 1879              	.LASF125:
 1880 0951 4544435F 		.ascii	"EDC_RSP_READ_ERROR\000"
 1880      5253505F 
 1880      52454144 
 1880      5F455252 
 1880      4F5200
 1881              	.LASF55:
 1882 0964 4544435F 		.ascii	"EDC_VD_VOIDED\000"
 1882      56445F56 
 1882      4F494445 
 1882      4400
 1883              	.LASF9:
 1884 0972 4544435F 		.ascii	"EDC_CO_SWIPE_INS_TAP\000"
 1884      434F5F53 
 1884      57495045 
 1884      5F494E53 
 1884      5F544150 
 1885              	.LASF148:
 1886 0987 4544435F 		.ascii	"EDC_CTL_PROCESSING\000"
 1886      43544C5F 
 1886      50524F43 
 1886      45535349 
 1886      4E4700
 1887              	.LASF171:
 1888 099a 41555448 		.ascii	"AUTH_ICC\000"
 1888      5F494343 
 1888      00
 1889              	.LASF139:
 1890 09a3 4544435F 		.ascii	"EDC_SE_REFUND_TOTAL\000"
 1890      53455F52 
 1890      4546554E 
 1890      445F544F 
 1890      54414C00 
 1891              	.LASF112:
 1892 09b7 4544435F 		.ascii	"EDC_RSP_CTL_OCARD\000"
 1892      5253505F 
 1892      43544C5F 
ARM GAS  C:\Users\AHMEDH~1\AppData\Local\Temp\ccM1MI5H.s 			page 46


 1892      4F434152 
 1892      4400
 1893              	.LASF193:
 1894 09c9 7372632F 		.ascii	"src/Constant.c\000"
 1894      436F6E73 
 1894      74616E74 
 1894      2E6300
 1895              	.LASF56:
 1896 09d8 4544435F 		.ascii	"EDC_VD_NOT_ALLOW\000"
 1896      56445F4E 
 1896      4F545F41 
 1896      4C4C4F57 
 1896      00
 1897              	.LASF50:
 1898 09e9 4544435F 		.ascii	"EDC_AJ_TIPS_AMT\000"
 1898      414A5F54 
 1898      4950535F 
 1898      414D5400 
 1899              	.LASF110:
 1900 09f9 4544435F 		.ascii	"EDC_RSP_CTL_TOI\000"
 1900      5253505F 
 1900      43544C5F 
 1900      544F4900 
 1901              	.LASF179:
 1902 0a09 53455454 		.ascii	"SETT_ADV\000"
 1902      5F414456 
 1902      00
 1903              	.LASF135:
 1904 0a12 4544435F 		.ascii	"EDC_RSP_NO_REC\000"
 1904      5253505F 
 1904      4E4F5F52 
 1904      454300
 1905              	.LASF182:
 1906 0a21 775F7478 		.ascii	"w_txmsg_id\000"
 1906      6D73675F 
 1906      696400
 1907              	.LASF156:
 1908 0a2c 41555448 		.ascii	"AUTH_MANUAL\000"
 1908      5F4D414E 
 1908      55414C00 
 1909              	.LASF30:
 1910 0a38 4544435F 		.ascii	"EDC_IN_ENTER_AMOUNT\000"
 1910      494E5F45 
 1910      4E544552 
 1910      5F414D4F 
 1910      554E5400 
 1911              	.LASF101:
 1912 0a4c 4544435F 		.ascii	"EDC_RSP_BATCH_NOT_FOUND\000"
 1912      5253505F 
 1912      42415443 
 1912      485F4E4F 
 1912      545F464F 
 1913              	.LASF134:
 1914 0a64 4544435F 		.ascii	"EDC_RSP_CALL_IC\000"
 1914      5253505F 
 1914      43414C4C 
 1914      5F494300 
ARM GAS  C:\Users\AHMEDH~1\AppData\Local\Temp\ccM1MI5H.s 			page 47


 1915              	.LASF152:
 1916 0a74 4544435F 		.ascii	"EDC_CTL_CARD_READ_OK\000"
 1916      43544C5F 
 1916      43415244 
 1916      5F524541 
 1916      445F4F4B 
 1917              	.LASF59:
 1918 0a89 4544435F 		.ascii	"EDC_FN_CARD_TOTAL\000"
 1918      464E5F43 
 1918      4152445F 
 1918      544F5441 
 1918      4C00
 1919              	.LASF159:
 1920 0a9b 4F4E4C5F 		.ascii	"ONL_REFUND_SW\000"
 1920      52454655 
 1920      4E445F53 
 1920      5700
 1921              	.LASF19:
 1922 0aa9 4544435F 		.ascii	"EDC_CN_UPLOAD\000"
 1922      434E5F55 
 1922      504C4F41 
 1922      4400
 1923              	.LASF69:
 1924 0ab7 4544435F 		.ascii	"EDC_PN_PRINTING\000"
 1924      504E5F50 
 1924      52494E54 
 1924      494E4700 
 1925              	.LASF104:
 1926 0ac7 4544435F 		.ascii	"EDC_RSP_SYS_NOT_AVAIL\000"
 1926      5253505F 
 1926      5359535F 
 1926      4E4F545F 
 1926      41564149 
 1927              	.LASF121:
 1928 0add 4544435F 		.ascii	"EDC_RSP_TRY_AGAIN_LC\000"
 1928      5253505F 
 1928      5452595F 
 1928      41474149 
 1928      4E5F4C43 
 1929              	.LASF77:
 1930 0af2 4544435F 		.ascii	"EDC_RSP_CALL_ISSUER\000"
 1930      5253505F 
 1930      43414C4C 
 1930      5F495353 
 1930      55455200 
 1931              	.LASF102:
 1932 0b06 4544435F 		.ascii	"EDC_RSP_CALL_AMEX\000"
 1932      5253505F 
 1932      43414C4C 
 1932      5F414D45 
 1932      5800
 1933              	.LASF162:
 1934 0b18 53414C45 		.ascii	"SALE_OFFLINE\000"
 1934      5F4F4646 
 1934      4C494E45 
 1934      00
 1935              	.LASF24:
ARM GAS  C:\Users\AHMEDH~1\AppData\Local\Temp\ccM1MI5H.s 			page 48


 1936 0b25 4544435F 		.ascii	"EDC_IN_CHK_DIGIT_ERROR\000"
 1936      494E5F43 
 1936      484B5F44 
 1936      49474954 
 1936      5F455252 
 1937              	.LASF117:
 1938 0b3c 4544435F 		.ascii	"EDC_RSP_CALL_IP\000"
 1938      5253505F 
 1938      43414C4C 
 1938      5F495000 
 1939              	.LASF68:
 1940 0b4c 4544435F 		.ascii	"EDC_FN_PRINT_REPORT\000"
 1940      464E5F50 
 1940      52494E54 
 1940      5F524550 
 1940      4F525400 
 1941              	.LASF141:
 1942 0b60 4544435F 		.ascii	"EDC_SE_ENTER_SALE_TOTAL\000"
 1942      53455F45 
 1942      4E544552 
 1942      5F53414C 
 1942      455F544F 
 1943              	.LASF146:
 1944 0b78 4544435F 		.ascii	"EDC_EMV_CANNOT_SEL\000"
 1944      454D565F 
 1944      43414E4E 
 1944      4F545F53 
 1944      454C00
 1945              	.LASF175:
 1946 0b8b 53414C45 		.ascii	"SALE_CTL\000"
 1946      5F43544C 
 1946      00
 1947              	.LASF42:
 1948 0b94 4544435F 		.ascii	"EDC_IN_CUR_ERROR\000"
 1948      494E5F43 
 1948      55525F45 
 1948      52524F52 
 1948      00
 1949              	.LASF184:
 1950 0ba5 625F7072 		.ascii	"b_proc_code\000"
 1950      6F635F63 
 1950      6F646500 
 1951              	.LASF54:
 1952 0bb1 4544435F 		.ascii	"EDC_AJ_COMPLETED\000"
 1952      414A5F43 
 1952      4F4D504C 
 1952      45544544 
 1952      00
 1953              	.LASF177:
 1954 0bc2 52454655 		.ascii	"REFUND_CTL\000"
 1954      4E445F43 
 1954      544C00
 1955              	.LASF85:
 1956 0bcd 4544435F 		.ascii	"EDC_RSP_INVALID_ACC\000"
 1956      5253505F 
 1956      494E5641 
 1956      4C49445F 
ARM GAS  C:\Users\AHMEDH~1\AppData\Local\Temp\ccM1MI5H.s 			page 49


 1956      41434300 
 1957              	.LASF103:
 1958 0be1 4544435F 		.ascii	"EDC_RSP_BAD_TERMINAL_ID\000"
 1958      5253505F 
 1958      4241445F 
 1958      5445524D 
 1958      494E414C 
 1959              	.LASF25:
 1960 0bf9 4544435F 		.ascii	"EDC_IN_USE_ICC\000"
 1960      494E5F55 
 1960      53455F49 
 1960      434300
 1961              	.LASF27:
 1962 0c08 4544435F 		.ascii	"EDC_IN_CORRECT\000"
 1962      494E5F43 
 1962      4F525245 
 1962      435400
 1963              	.LASF122:
 1964 0c17 4544435F 		.ascii	"EDC_RSP_NO_DIALTONE\000"
 1964      5253505F 
 1964      4E4F5F44 
 1964      49414C54 
 1964      4F4E4500 
 1965              	.LASF126:
 1966 0c2b 4544435F 		.ascii	"EDC_RSP_CARD_BLOCKED\000"
 1966      5253505F 
 1966      43415244 
 1966      5F424C4F 
 1966      434B4544 
 1967              	.LASF70:
 1968 0c40 4544435F 		.ascii	"EDC_PN_MANUALCUT\000"
 1968      504E5F4D 
 1968      414E5541 
 1968      4C435554 
 1968      00
 1969              	.LASF107:
 1970 0c51 4544435F 		.ascii	"EDC_RSP_OTHER_REASON\000"
 1970      5253505F 
 1970      4F544845 
 1970      525F5245 
 1970      41534F4E 
 1971              	.LASF131:
 1972 0c66 4544435F 		.ascii	"EDC_RSP_VERIFY_SIGN\000"
 1972      5253505F 
 1972      56455249 
 1972      46595F53 
 1972      49474E00 
 1973              	.LASF143:
 1974 0c7a 4544435F 		.ascii	"EDC_EMV_FATAL\000"
 1974      454D565F 
 1974      46415441 
 1974      4C00
 1975              	.LASF45:
 1976 0c88 4544435F 		.ascii	"EDC_AJ_TOTAL_PROMPT\000"
 1976      414A5F54 
 1976      4F54414C 
 1976      5F50524F 
ARM GAS  C:\Users\AHMEDH~1\AppData\Local\Temp\ccM1MI5H.s 			page 50


 1976      4D505400 
 1977              	.LASF153:
 1978 0c9c 4544435F 		.ascii	"EDC_NET_INIT\000"
 1978      4E45545F 
 1978      494E4954 
 1978      00
 1979              	.LASF185:
 1980 0ca9 625F636F 		.ascii	"b_condition_code\000"
 1980      6E646974 
 1980      696F6E5F 
 1980      636F6465 
 1980      00
 1981              	.LASF124:
 1982 0cba 4544435F 		.ascii	"EDC_RSP_SWIPE_CARD\000"
 1982      5253505F 
 1982      53574950 
 1982      455F4341 
 1982      524400
 1983              	.LASF106:
 1984 0ccd 4544435F 		.ascii	"EDC_RSP_BATCH_XFER\000"
 1984      5253505F 
 1984      42415443 
 1984      485F5846 
 1984      455200
 1985              	.LASF187:
 1986 0ce0 625F7361 		.ascii	"b_sale_flag\000"
 1986      6C655F66 
 1986      6C616700 
 1987              	.LASF118:
 1988 0cec 4544435F 		.ascii	"EDC_RSP_CALL_IR\000"
 1988      5253505F 
 1988      43414C4C 
 1988      5F495200 
 1989              	.LASF119:
 1990 0cfc 4544435F 		.ascii	"EDC_RSP_CALL_IS\000"
 1990      5253505F 
 1990      43414C4C 
 1990      5F495300 
 1991              	.LASF120:
 1992 0d0c 4544435F 		.ascii	"EDC_RSP_CALL_IT\000"
 1992      5253505F 
 1992      43414C4C 
 1992      5F495400 
 1993              	.LASF180:
 1994 0d1c 4D41585F 		.ascii	"MAX_TXN_TYPE\000"
 1994      54584E5F 
 1994      54595045 
 1994      00
 1995              	.LASF92:
 1996 0d29 4544435F 		.ascii	"EDC_RSP_DECLINED\000"
 1996      5253505F 
 1996      4445434C 
 1996      494E4544 
 1996      00
 1997              	.LASF28:
 1998 0d3a 4544435F 		.ascii	"EDC_IN_APP_CODE\000"
 1998      494E5F41 
ARM GAS  C:\Users\AHMEDH~1\AppData\Local\Temp\ccM1MI5H.s 			page 51


 1998      50505F43 
 1998      4F444500 
 1999              	.LASF174:
 2000 0d4a 4553414C 		.ascii	"ESALE_COMPLETE\000"
 2000      455F434F 
 2000      4D504C45 
 2000      544500
 2001              		.ident	"GCC: (GNU Tools for ARM Embedded Processors) 4.9.3 20141119 (release) [ARM/embedded-4_9-br
ARM GAS  C:\Users\AHMEDH~1\AppData\Local\Temp\ccM1MI5H.s 			page 52


DEFINED SYMBOLS
                            *ABS*:00000000 Constant.c
C:\Users\AHMEDH~1\AppData\Local\Temp\ccM1MI5H.s:19     .text.SaleType:00000000 $t
C:\Users\AHMEDH~1\AppData\Local\Temp\ccM1MI5H.s:24     .text.SaleType:00000000 SaleType
C:\Users\AHMEDH~1\AppData\Local\Temp\ccM1MI5H.s:47     .text.SaleType:00000014 $d
C:\Users\AHMEDH~1\AppData\Local\Temp\ccM1MI5H.s:637    .rodata:00000258 KTransHeader
C:\Users\AHMEDH~1\AppData\Local\Temp\ccM1MI5H.s:665    .rodata:00000271 KSetlPCode2
C:\Users\AHMEDH~1\AppData\Local\Temp\ccM1MI5H.s:59     .rodata:00000000 KTransBitmap
C:\Users\AHMEDH~1\AppData\Local\Temp\ccM1MI5H.s:55     .rodata:00000000 $d
                     .debug_frame:00000010 $d

NO UNDEFINED SYMBOLS
